2025-06-27 16:46:36,432 [INFO] Activator:176 - 


2025-06-27 16:46:36,433 [INFO] Activator:177 - !SESSION log4j initialized
2025-06-27 16:46:42,214 [INFO] LogOutputStream:77 - [STDOUT_REDIRECT] 
2025-06-27 16:46:47,433 [INFO] ApplicationProperties:184 - Using Application install path: C:\ST\STM32CubeIDE_1.17.0\STM32CubeIDE\plugins\com.st.stm32cube.common.mx_6.13.0.202411220809
2025-06-27 16:46:47,461 [INFO] DbMcusXml:78 - Set database path to: C:\ST\STM32CubeIDE_1.17.0\STM32CubeIDE\plugins\com.st.stm32cube.common.mx_6.13.0.202411220809\\db\/mcu/
2025-06-27 16:46:47,461 [INFO] ApiDb:274 - Set plugin database path to: C:\ST\STM32CubeIDE_1.17.0\STM32CubeIDE\plugins\com.st.stm32cube.common.mx_6.13.0.202411220809\\db\/plugins/boardmanager/
2025-06-27 16:46:47,462 [WARN] ApiDb:259 - Overriding images path with different value:  => C:\ST\STM32CubeIDE_1.17.0\STM32CubeIDE\plugins\com.st.stm32cube.common.mx_6.13.0.202411220809\\db\/plugins/mcufinder/images/
2025-06-27 16:46:47,475 [INFO] ApiDb:250 - Set database path to: C:\Users\Santiago\.stmcufinder\plugins\mcufinder//mcu/
2025-06-27 16:46:47,477 [INFO] DbMcusAds:125 - Set database path to: C:\Users\Santiago\.stmcufinder\plugins\mcufinder//mcu/
2025-06-27 16:46:47,481 [INFO] CrossReferenceDbSqlite:203 - Set database path to: C:\Users\Santiago\.stmcufinder\plugins\mcufinder//mcu/cs/
2025-06-27 16:46:47,690 [INFO] RulesReader:64 - Compatibility file has been processed (297 Rules)
2025-06-27 16:46:47,811 [INFO] DbMcusXml:78 - Set database path to: C:\ST\STM32CubeIDE_1.17.0\STM32CubeIDE\plugins\com.st.stm32cube.common.mx_6.13.0.202411220809\\db\/mcu/
2025-06-27 16:46:47,811 [INFO] ApiDb:274 - Set plugin database path to: C:\ST\STM32CubeIDE_1.17.0\STM32CubeIDE\plugins\com.st.stm32cube.common.mx_6.13.0.202411220809\\db\/plugins/boardmanager/
2025-06-27 16:46:47,811 [INFO] ApiDb:261 - Set plugin images path to: C:\ST\STM32CubeIDE_1.17.0\STM32CubeIDE\plugins\com.st.stm32cube.common.mx_6.13.0.202411220809\\db\/plugins/mcufinder/images/
2025-06-27 16:46:47,812 [WARN] DbFile:41 - Overriding database path with different value: C:\Users\Santiago\.stmcufinder\plugins\mcufinder/ => C:\Users\Santiago\.stmcufinder\plugins\mcufinder
2025-06-27 16:46:47,812 [INFO] ApiDb:250 - Set database path to: C:\Users\Santiago\.stmcufinder\plugins\mcufinder//mcu/
2025-06-27 16:46:47,812 [WARN] DbFile:41 - Overriding database path with different value: C:\Users\Santiago\.stmcufinder\plugins\mcufinder/ => C:\Users\Santiago\.stmcufinder\plugins\mcufinder
2025-06-27 16:46:47,812 [INFO] DbMcusAds:125 - Set database path to: C:\Users\Santiago\.stmcufinder\plugins\mcufinder//mcu/
2025-06-27 16:46:47,812 [WARN] DbFile:41 - Overriding database path with different value: C:\Users\Santiago\.stmcufinder\plugins\mcufinder/ => C:\Users\Santiago\.stmcufinder\plugins\mcufinder
2025-06-27 16:46:47,813 [WARN] DbFile:41 - Overriding database path with different value: C:\Users\Santiago\.stmcufinder\plugins\mcufinder/ => C:\Users\Santiago\.stmcufinder\plugins\mcufinder
2025-06-27 16:46:47,813 [INFO] CrossReferenceDbSqlite:203 - Set database path to: C:\Users\Santiago\.stmcufinder\plugins\mcufinder//mcu/cs/
2025-06-27 16:46:47,938 [INFO] MainPanel:272 - HeapMemory: 268435456
2025-06-27 16:46:48,087 [INFO] DbMcusXml:78 - Set database path to: C:\ST\STM32CubeIDE_1.17.0\STM32CubeIDE\plugins\com.st.stm32cube.common.mx_6.13.0.202411220809\\db\/mcu/
2025-06-27 16:46:48,087 [INFO] ApiDb:274 - Set plugin database path to: C:\ST\STM32CubeIDE_1.17.0\STM32CubeIDE\plugins\com.st.stm32cube.common.mx_6.13.0.202411220809\\db\/plugins/boardmanager/
2025-06-27 16:46:48,087 [INFO] ApiDb:261 - Set plugin images path to: C:\ST\STM32CubeIDE_1.17.0\STM32CubeIDE\plugins\com.st.stm32cube.common.mx_6.13.0.202411220809\\db\/plugins/mcufinder/images/
2025-06-27 16:46:48,088 [WARN] DbFile:41 - Overriding database path with different value: C:\Users\Santiago\.stmcufinder\plugins\mcufinder/ => C:\Users\Santiago\.stmcufinder\plugins\mcufinder
2025-06-27 16:46:48,088 [INFO] ApiDb:250 - Set database path to: C:\Users\Santiago\.stmcufinder\plugins\mcufinder//mcu/
2025-06-27 16:46:48,088 [WARN] DbFile:41 - Overriding database path with different value: C:\Users\Santiago\.stmcufinder\plugins\mcufinder/ => C:\Users\Santiago\.stmcufinder\plugins\mcufinder
2025-06-27 16:46:48,088 [INFO] DbMcusAds:125 - Set database path to: C:\Users\Santiago\.stmcufinder\plugins\mcufinder//mcu/
2025-06-27 16:46:48,089 [WARN] DbFile:41 - Overriding database path with different value: C:\Users\Santiago\.stmcufinder\plugins\mcufinder/ => C:\Users\Santiago\.stmcufinder\plugins\mcufinder
2025-06-27 16:46:48,089 [WARN] DbFile:41 - Overriding database path with different value: C:\Users\Santiago\.stmcufinder\plugins\mcufinder/ => C:\Users\Santiago\.stmcufinder\plugins\mcufinder
2025-06-27 16:46:48,089 [INFO] CrossReferenceDbSqlite:203 - Set database path to: C:\Users\Santiago\.stmcufinder\plugins\mcufinder//mcu/cs/
2025-06-27 16:46:48,119 [INFO] ApplicationProperties:184 - Using Application install path: C:\ST\STM32CubeIDE_1.17.0\STM32CubeIDE\plugins\com.st.stm32cube.common.mx_6.13.0.202411220809
2025-06-27 16:46:48,122 [INFO] PluginManage:196 - Search for loadable plugins [exclusion list=, ]
2025-06-27 16:46:48,125 [INFO] PluginManage:310 - Check plugin analytics
2025-06-27 16:46:48,459 [INFO] AnalyticsPlugin:253 - Accepted Software Licenses: 
2025-06-27 16:46:48,460 [INFO] AnalyticsPlugin:255 - Accepted CMSIS Pack Licenses: 
2025-06-27 16:46:48,460 [INFO] AnalyticsPlugin:257 - Accepted Firmware Licenses: 
2025-06-27 16:46:48,465 [INFO] PluginManage:359 - Loaded plugin analytics (category:tool,tabindex:-1)
2025-06-27 16:46:48,466 [INFO] PluginManage:310 - Check plugin cadmodel
2025-06-27 16:46:48,508 [INFO] CADModel:105 - Init CAD model plugin
2025-06-27 16:46:48,509 [INFO] PluginManage:359 - Loaded plugin cadmodel (category:power,tabindex:5)
2025-06-27 16:46:48,509 [INFO] PluginManage:310 - Check plugin clock
2025-06-27 16:46:48,560 [INFO] PluginManage:359 - Loaded plugin clock (category:base,tabindex:2)
2025-06-27 16:46:48,560 [INFO] PluginManage:310 - Check plugin ddr
2025-06-27 16:46:48,564 [INFO] PluginManage:359 - Loaded plugin ddr (category:tool,tabindex:6)
2025-06-27 16:46:48,565 [INFO] PluginManage:310 - Check plugin filemanager
2025-06-27 16:46:48,874 [INFO] PluginManage:359 - Loaded plugin filemanager (category:base,tabindex:10)
2025-06-27 16:46:48,874 [INFO] PluginManage:310 - Check plugin ipmanager
2025-06-27 16:46:48,890 [INFO] PluginManage:359 - Loaded plugin ipmanager (category:base,tabindex:5)
2025-06-27 16:46:48,890 [INFO] PluginManage:310 - Check plugin lpbam
2025-06-27 16:46:48,946 [INFO] PluginManage:359 - Loaded plugin lpbam (category:base,tabindex:0)
2025-06-27 16:46:48,947 [INFO] PluginManage:310 - Check plugin memorymap
2025-06-27 16:46:49,000 [INFO] PluginManage:359 - Loaded plugin memorymap (category:base,tabindex:4)
2025-06-27 16:46:49,000 [INFO] PluginManage:310 - Check plugin pinoutandconfiguration
2025-06-27 16:46:49,032 [INFO] PluginManage:359 - Loaded plugin pinoutandconfiguration (category:base,tabindex:1)
2025-06-27 16:46:49,032 [INFO] PluginManage:310 - Check plugin pinoutconfig
2025-06-27 16:46:49,176 [WARN] SupportedApi:132 - Cannot load RTOS API schema: s4s-elt-must-match.1: The content of 'definitions' must match (annotation?, (simpleType | complexType)?, (unique | key | keyref)*)). A problem was found starting at: attribute.
2025-06-27 16:46:49,405 [INFO] PluginManage:359 - Loaded plugin pinoutconfig (category:base,tabindex:0)
2025-06-27 16:46:49,405 [INFO] PluginManage:310 - Check plugin power
2025-06-27 16:46:49,447 [INFO] PluginManage:359 - Loaded plugin power (category:power,tabindex:4)
2025-06-27 16:46:49,447 [INFO] PluginManage:310 - Check plugin projectmanager
2025-06-27 16:46:49,480 [INFO] PluginManage:359 - Loaded plugin projectmanager (category:projectmanager,tabindex:4)
2025-06-27 16:46:49,481 [INFO] PluginManage:310 - Check plugin rif
2025-06-27 16:46:49,520 [INFO] PluginManage:359 - Loaded plugin rif (category:base,tabindex:3)
2025-06-27 16:46:49,520 [INFO] PluginManage:310 - Check plugin thirdparty
2025-06-27 16:46:50,102 [INFO] PluginManage:359 - Loaded plugin thirdparty (category:base,tabindex:-1)
2025-06-27 16:46:50,101 [WARN] IntegrityCheckThread:84 - waiting for thirdparty lock release [integrity check]
2025-06-27 16:46:50,102 [INFO] IntegrityCheckThread:86 - entering critical section [integrity check]
2025-06-27 16:46:50,103 [INFO] PluginManage:310 - Check plugin tools
2025-06-27 16:46:50,103 [INFO] ThirdPartyUpdaterWithRetryManager:70 - Updater plugin not ready yet. [1/15]
2025-06-27 16:46:50,189 [INFO] PluginManage:359 - Loaded plugin tools (category:base,tabindex:7)
2025-06-27 16:46:50,190 [INFO] PluginManage:310 - Check plugin tutovideos
2025-06-27 16:46:50,480 [INFO] PluginManage:359 - Loaded plugin tutovideos (category:base,tabindex:-1)
2025-06-27 16:46:50,480 [INFO] PluginManage:310 - Check plugin updater
2025-06-27 16:46:50,522 [INFO] PluginManage:359 - Loaded plugin updater (category:base,tabindex:12)
2025-06-27 16:46:50,522 [INFO] PluginManage:310 - Check plugin userauth
2025-06-27 16:46:50,530 [INFO] UserAuth:118 - Init User Auth plugin
2025-06-27 16:46:50,531 [INFO] PluginManage:359 - Loaded plugin userauth (category:base,tabindex:14)
2025-06-27 16:46:50,532 [INFO] PluginManage:283 - PluginManage : Loaded plugins [18]
2025-06-27 16:46:50,936 [INFO] PinOutPanel:1589 - setPackage(No Configuration,No Configuration)
2025-06-27 16:46:51,097 [INFO] CADModel:165 - CPN selected for project level
2025-06-27 16:46:51,097 [INFO] CADModel:114 - Register for checkConnection events
2025-06-27 16:46:51,151 [INFO] IPUIPlugin:80 - create IPUIPlugin
2025-06-27 16:46:51,151 [INFO] PluginManager:220 - loadIPPluginJar : add adc
2025-06-27 16:46:51,250 [INFO] IPUIPlugin:80 - create IPUIPlugin
2025-06-27 16:46:51,250 [INFO] PluginManager:220 - loadIPPluginJar : add aes
2025-06-27 16:46:51,349 [INFO] IPUIPlugin:80 - create IPUIPlugin
2025-06-27 16:46:51,350 [INFO] PluginManager:220 - loadIPPluginJar : add can
2025-06-27 16:46:51,431 [INFO] IPUIPlugin:80 - create IPUIPlugin
2025-06-27 16:46:51,431 [INFO] PluginManager:220 - loadIPPluginJar : add comp
2025-06-27 16:46:51,521 [INFO] IPUIPlugin:80 - create IPUIPlugin
2025-06-27 16:46:51,522 [INFO] PluginManager:220 - loadIPPluginJar : add cryp
2025-06-27 16:46:51,556 [INFO] IPUIPlugin:80 - create IPUIPlugin
2025-06-27 16:46:51,556 [INFO] PluginManager:220 - loadIPPluginJar : add ddr_ctrl_phy
2025-06-27 16:46:51,626 [INFO] IPUIPlugin:80 - create IPUIPlugin
2025-06-27 16:46:51,626 [INFO] PluginManager:220 - loadIPPluginJar : add dfsdm
2025-06-27 16:46:51,655 [INFO] IPUIPlugin:80 - create IPUIPlugin
2025-06-27 16:46:51,656 [INFO] PluginManager:220 - loadIPPluginJar : add dma
2025-06-27 16:46:51,747 [INFO] IPUIPlugin:80 - create IPUIPlugin
2025-06-27 16:46:51,747 [INFO] PluginManager:220 - loadIPPluginJar : add dma3
2025-06-27 16:46:51,834 [INFO] IPUIPlugin:80 - create IPUIPlugin
2025-06-27 16:46:51,834 [INFO] PluginManager:220 - loadIPPluginJar : add extmemmanager
2025-06-27 16:46:51,873 [INFO] IPUIPlugin:80 - create IPUIPlugin
2025-06-27 16:46:51,873 [INFO] PluginManager:220 - loadIPPluginJar : add fatfs
2025-06-27 16:46:51,991 [INFO] IPUIPlugin:80 - create IPUIPlugin
2025-06-27 16:46:51,991 [INFO] PluginManager:220 - loadIPPluginJar : add fmc
2025-06-27 16:46:52,030 [INFO] IPUIPlugin:80 - create IPUIPlugin
2025-06-27 16:46:52,031 [INFO] PluginManager:220 - loadIPPluginJar : add freertos
2025-06-27 16:46:52,084 [INFO] IPUIPlugin:80 - create IPUIPlugin
2025-06-27 16:46:52,084 [INFO] PluginManager:220 - loadIPPluginJar : add genericplugin
2025-06-27 16:46:52,294 [INFO] IPUIPlugin:80 - create IPUIPlugin
2025-06-27 16:46:52,295 [INFO] PluginManager:220 - loadIPPluginJar : add gfxmmu
2025-06-27 16:46:52,570 [INFO] IPUIPlugin:80 - create IPUIPlugin
2025-06-27 16:46:52,571 [INFO] PluginManager:220 - loadIPPluginJar : add gic
2025-06-27 16:46:52,593 [INFO] IPUIPlugin:80 - create IPUIPlugin
2025-06-27 16:46:52,594 [INFO] PluginManager:220 - loadIPPluginJar : add gpio
2025-06-27 16:46:52,794 [INFO] IPUIPlugin:80 - create IPUIPlugin
2025-06-27 16:46:52,794 [INFO] PluginManager:220 - loadIPPluginJar : add gtzc
2025-06-27 16:46:52,867 [INFO] IPUIPlugin:80 - create IPUIPlugin
2025-06-27 16:46:52,867 [INFO] PluginManager:220 - loadIPPluginJar : add hash
2025-06-27 16:46:52,988 [INFO] IPUIPlugin:80 - create IPUIPlugin
2025-06-27 16:46:52,988 [INFO] PluginManager:220 - loadIPPluginJar : add i2c
2025-06-27 16:46:53,086 [INFO] IPUIPlugin:80 - create IPUIPlugin
2025-06-27 16:46:53,086 [INFO] PluginManager:220 - loadIPPluginJar : add i2s
2025-06-27 16:46:53,104 [INFO] ThirdPartyUpdaterWithRetryManager:70 - Updater plugin not ready yet. [2/15]
2025-06-27 16:46:53,164 [INFO] IPUIPlugin:80 - create IPUIPlugin
2025-06-27 16:46:53,165 [INFO] PluginManager:220 - loadIPPluginJar : add i3c
2025-06-27 16:46:53,331 [INFO] IPUIPlugin:80 - create IPUIPlugin
2025-06-27 16:46:53,331 [INFO] PluginManager:220 - loadIPPluginJar : add ipddr
2025-06-27 16:46:53,491 [INFO] IPUIPlugin:80 - create IPUIPlugin
2025-06-27 16:46:53,492 [INFO] PluginManager:220 - loadIPPluginJar : add linkedlist
2025-06-27 16:46:53,572 [INFO] IPUIPlugin:80 - create IPUIPlugin
2025-06-27 16:46:53,572 [INFO] PluginManager:220 - loadIPPluginJar : add lorawan
2025-06-27 16:46:53,692 [INFO] IPUIPlugin:80 - create IPUIPlugin
2025-06-27 16:46:53,693 [INFO] PluginManager:220 - loadIPPluginJar : add ltdc
2025-06-27 16:46:53,731 [INFO] IPUIPlugin:80 - create IPUIPlugin
2025-06-27 16:46:53,732 [INFO] PluginManager:220 - loadIPPluginJar : add mdma
2025-06-27 16:46:53,763 [INFO] IPUIPlugin:80 - create IPUIPlugin
2025-06-27 16:46:53,763 [INFO] PluginManager:220 - loadIPPluginJar : add nvic
2025-06-27 16:46:53,870 [INFO] IPUIPlugin:80 - create IPUIPlugin
2025-06-27 16:46:53,871 [INFO] PluginManager:220 - loadIPPluginJar : add opamp
2025-06-27 16:46:53,993 [INFO] IPUIPlugin:80 - create IPUIPlugin
2025-06-27 16:46:53,994 [INFO] PluginManager:220 - loadIPPluginJar : add openamp
2025-06-27 16:46:54,070 [INFO] IPUIPlugin:80 - create IPUIPlugin
2025-06-27 16:46:54,070 [INFO] PluginManager:220 - loadIPPluginJar : add pdm2pcm
2025-06-27 16:46:54,096 [INFO] IPUIPlugin:80 - create IPUIPlugin
2025-06-27 16:46:54,101 [INFO] PluginManager:220 - loadIPPluginJar : add plateformsettings
2025-06-27 16:46:54,169 [INFO] IPUIPlugin:80 - create IPUIPlugin
2025-06-27 16:46:54,169 [INFO] PluginManager:220 - loadIPPluginJar : add quadspi
2025-06-27 16:46:54,219 [INFO] IPUIPlugin:80 - create IPUIPlugin
2025-06-27 16:46:54,220 [INFO] PluginManager:220 - loadIPPluginJar : add radio
2025-06-27 16:46:54,242 [INFO] IPUIPlugin:80 - create IPUIPlugin
2025-06-27 16:46:54,242 [INFO] PluginManager:220 - loadIPPluginJar : add resmgrutility
2025-06-27 16:46:54,330 [INFO] IPUIPlugin:80 - create IPUIPlugin
2025-06-27 16:46:54,330 [INFO] PluginManager:220 - loadIPPluginJar : add sai
2025-06-27 16:46:54,395 [INFO] IPUIPlugin:80 - create IPUIPlugin
2025-06-27 16:46:54,395 [INFO] PluginManager:220 - loadIPPluginJar : add spi
2025-06-27 16:46:54,526 [INFO] IPUIPlugin:80 - create IPUIPlugin
2025-06-27 16:46:54,527 [INFO] PluginManager:220 - loadIPPluginJar : add stm32_wpan
2025-06-27 16:46:54,579 [INFO] IPUIPlugin:80 - create IPUIPlugin
2025-06-27 16:46:54,579 [INFO] PluginManager:220 - loadIPPluginJar : add tim
2025-06-27 16:46:54,706 [INFO] IPUIPlugin:80 - create IPUIPlugin
2025-06-27 16:46:54,707 [INFO] PluginManager:220 - loadIPPluginJar : add touchsensing
2025-06-27 16:46:54,759 [INFO] IPUIPlugin:80 - create IPUIPlugin
2025-06-27 16:46:54,759 [INFO] PluginManager:220 - loadIPPluginJar : add tracer_emb
2025-06-27 16:46:54,825 [INFO] IPUIPlugin:80 - create IPUIPlugin
2025-06-27 16:46:54,825 [INFO] PluginManager:220 - loadIPPluginJar : add ts
2025-06-27 16:46:54,886 [INFO] IPUIPlugin:80 - create IPUIPlugin
2025-06-27 16:46:54,887 [INFO] PluginManager:220 - loadIPPluginJar : add tsc
2025-06-27 16:46:54,949 [INFO] IPUIPlugin:80 - create IPUIPlugin
2025-06-27 16:46:54,949 [INFO] PluginManager:220 - loadIPPluginJar : add ucpd
2025-06-27 16:46:55,052 [INFO] IPUIPlugin:80 - create IPUIPlugin
2025-06-27 16:46:55,052 [INFO] PluginManager:220 - loadIPPluginJar : add usart
2025-06-27 16:46:55,147 [INFO] IPUIPlugin:80 - create IPUIPlugin
2025-06-27 16:46:55,148 [INFO] PluginManager:220 - loadIPPluginJar : add usbx
2025-06-27 16:46:55,339 [FATAL] Updater:351 - Updater called before beeing initialized
2025-06-27 16:46:55,401 [INFO] RulesReader:64 - Compatibility file has been processed (297 Rules)
2025-06-27 16:46:55,423 [INFO] RulesReader:64 - Compatibility file has been processed (297 Rules)
2025-06-27 16:46:55,439 [INFO] CADModel:165 - CPN selected for project level
2025-06-27 16:46:55,440 [INFO] CADModel:114 - Register for checkConnection events
2025-06-27 16:46:55,440 [FATAL] Updater:351 - Updater called before beeing initialized
2025-06-27 16:46:55,440 [ERROR] CADModel:125 - Updater not yet initialized, retry later 
2025-06-27 16:46:55,703 [FATAL] Updater:351 - Updater called before beeing initialized
2025-06-27 16:46:55,708 [INFO] CADModel:165 - CPN selected for project level
2025-06-27 16:46:55,708 [INFO] CADModel:114 - Register for checkConnection events
2025-06-27 16:46:55,709 [FATAL] Updater:351 - Updater called before beeing initialized
2025-06-27 16:46:55,709 [ERROR] CADModel:125 - Updater not yet initialized, retry later 
2025-06-27 16:46:55,715 [FATAL] Updater:351 - Updater called before beeing initialized
2025-06-27 16:46:55,949 [FATAL] Updater:351 - Updater called before beeing initialized
2025-06-27 16:46:55,955 [INFO] DbMcusAds:53 - JSON generation date=Thu Jun 19 05:32:34 ART 2025 (1750321954388)
2025-06-27 16:46:55,956 [FATAL] Updater:351 - Updater called before beeing initialized
2025-06-27 16:46:56,017 [WARN] DetailPanel:346 - Failed to get advertising image, set to default
2025-06-27 16:46:56,106 [INFO] ThirdPartyUpdaterWithRetryManager:70 - Updater plugin not ready yet. [3/15]
2025-06-27 16:46:56,345 [FATAL] Updater:351 - Updater called before beeing initialized
2025-06-27 16:46:56,347 [FATAL] Updater:351 - Updater called before beeing initialized
2025-06-27 16:46:56,347 [FATAL] Updater:351 - Updater called before beeing initialized
2025-06-27 16:46:56,347 [WARN] DetailPanel:346 - Failed to get advertising image, set to default
2025-06-27 16:46:56,349 [FATAL] Updater:351 - Updater called before beeing initialized
2025-06-27 16:46:56,449 [ERROR] Updater:1198 - MainUpdater not yet initialized. External WinMGr cannot be set.
2025-06-27 16:46:56,466 [INFO] Updater:1134 - Updater Version found : 6.13.0
2025-06-27 16:46:56,486 [INFO] ApplicationProperties:184 - Using Application install path: C:\ST\STM32CubeIDE_1.17.0\STM32CubeIDE\plugins\com.st.stm32cube.common.mx_6.13.0.202411220809
2025-06-27 16:46:58,104 [ERROR] LogOutputStream:75 - [STDERR_REDIRECT] Jun 27, 2025 4:46:58 PM java.util.prefs.WindowsPreferences <init>
2025-06-27 16:46:58,110 [ERROR] LogOutputStream:75 - [STDERR_REDIRECT] WARNING: Could not open/create prefs root node Software\JavaSoft\Prefs at root 0xffffffff80000002. Windows RegCreateKeyEx(...) returned error code 5.
2025-06-27 16:46:58,111 [ERROR] LogOutputStream:75 - [STDERR_REDIRECT] 
2025-06-27 16:46:58,578 [INFO] MainUpdater:2872 - connection check result : 10
2025-06-27 16:46:58,579 [INFO] MainUpdater:289 - Updater Check For Update Now.
2025-06-27 16:46:58,580 [INFO] MicroXplorer:498 - Change Database Version : DB.6.0.130
2025-06-27 16:46:58,661 [INFO] McuFinderGlobals:63 - Set McuFinder mode to 2 (CubeIDE integrated)
2025-06-27 16:46:58,691 [INFO] UserAuth:486 - Internet connection configuration mode: 1
2025-06-27 16:46:58,855 [INFO] JxBrowserEngine:152 - Initiate JxBrowser Engine with user profile folder
2025-06-27 16:46:59,110 [WARN] MainUpdater:1193 - Updater busy. Cannot search thirdparties
2025-06-27 16:46:59,111 [INFO] ThirdPartyUpdaterWithRetryManager:96 - Updater plugin is busy. [1/15]
2025-06-27 16:46:59,196 [INFO] CheckServerUpdateThread:120 - End of CheckServer Thread
2025-06-27 16:47:02,040 [INFO] WebApp:168 - Instantiating new browser for Auth
2025-06-27 16:47:03,103 [WARN] PackLoader:240 - Cannot read IP mode file for STMicroelectronics.FP-SNS-MOTENVWB1.1.4.0
2025-06-27 16:47:03,154 [WARN] PackLoader:240 - Cannot read IP mode file for STMicroelectronics.FP-ATR-ASTRA1.2.0.2
2025-06-27 16:47:03,259 [WARN] PackLoader:240 - Cannot read IP mode file for STMicroelectronics.X-CUBE-SMBUS.2.1.0
2025-06-27 16:47:03,333 [WARN] PackLoader:240 - Cannot read IP mode file for STMicroelectronics.X-CUBE-WB05N.1.1.0
2025-06-27 16:47:03,380 [WARN] PackLoader:240 - Cannot read IP mode file for STMicroelectronics.X-CUBE-ST60.1.0.0
2025-06-27 16:47:03,500 [WARN] PackLoader:240 - Cannot read IP mode file for STMicroelectronics.X-CUBE-AZRTOS-F7.1.1.0
2025-06-27 16:47:03,631 [WARN] PackLoader:240 - Cannot read IP mode file for Infineon.AIROC-Wi-Fi-Bluetooth-STM32.1.7.0
2025-06-27 16:47:03,681 [WARN] PackLoader:240 - Cannot read IP mode file for STMicroelectronics.X-CUBE-DISPLAY.3.0.0
2025-06-27 16:47:03,729 [WARN] PackLoader:240 - Cannot read IP mode file for STMicroelectronics.X-CUBE-NFC10.1.0.0
2025-06-27 16:47:03,776 [WARN] PackLoader:240 - Cannot read IP mode file for STMicroelectronics.X-CUBE-BLEMGR.4.0.0
2025-06-27 16:47:03,818 [WARN] PackLoader:240 - Cannot read IP mode file for emotas.I-CUBE-CANOPEN.1.3.0
2025-06-27 16:47:03,848 [WARN] ConditionMgr:438 - getConditionDescription Invalid condition id : Cortex-A Device cause : null
2025-06-27 16:47:03,896 [WARN] ConditionMgr:1044 - genDependencies : Invalid condition id : Cortex-A Device cause : null
2025-06-27 16:47:03,897 [WARN] ConditionMgr:1044 - genDependencies : Invalid condition id : Cortex-A Device cause : null
2025-06-27 16:47:03,897 [WARN] ConditionMgr:1044 - genDependencies : Invalid condition id : Cortex-A Device cause : null
2025-06-27 16:47:03,925 [WARN] PackLoader:240 - Cannot read IP mode file for STMicroelectronics.X-CUBE-AI.10.0.0
2025-06-27 16:47:03,954 [WARN] PackLoader:240 - Cannot read IP mode file for STMicroelectronics.FP-SNS-SMARTAG2.1.2.0
2025-06-27 16:47:03,984 [WARN] PackLoader:240 - Cannot read IP mode file for STMicroelectronics.FP-SNS-FLIGHT1.5.1.0
2025-06-27 16:47:04,116 [WARN] PackLoader:240 - Cannot read IP mode file for STMicroelectronics.X-CUBE-MEMS1.11.1.0
2025-06-27 16:47:04,428 [INFO] LogOutputStream:77 - [STDOUT_REDIRECT] 1 : Invalid condition id : UX_CORESTACK_Condition cause : null
2025-06-27 16:47:04,429 [INFO] LogOutputStream:77 - [STDOUT_REDIRECT] 1 : Invalid condition id : UX_CORESTACK_Condition cause : null
2025-06-27 16:47:04,431 [INFO] LogOutputStream:77 - [STDOUT_REDIRECT] 1 : Invalid condition id : UX_CORESTACK_Condition cause : null
2025-06-27 16:47:04,433 [INFO] LogOutputStream:77 - [STDOUT_REDIRECT] 1 : Invalid condition id : UX_CORESTACK_Condition cause : null
2025-06-27 16:47:04,435 [INFO] LogOutputStream:77 - [STDOUT_REDIRECT] 1 : Invalid condition id : UX_CORESTACK_Condition cause : null
2025-06-27 16:47:04,439 [WARN] PackLoader:240 - Cannot read IP mode file for STMicroelectronics.X-CUBE-AZRTOS-WL.2.0.0
2025-06-27 16:47:04,468 [WARN] PackLoader:240 - Cannot read IP mode file for STMicroelectronics.FP-SNS-MOTENV1.5.0.0
2025-06-27 16:47:04,502 [WARN] PackLoader:240 - Cannot read IP mode file for WES.I-CUBE-Cesium.1.3.0
2025-06-27 16:47:04,534 [WARN] PackLoader:240 - Cannot read IP mode file for STMicroelectronics.X-CUBE-BLE2.3.3.0
2025-06-27 16:47:04,570 [WARN] PackLoader:240 - Cannot read IP mode file for STMicroelectronics.X-CUBE-NFC9.1.0.0
2025-06-27 16:47:04,601 [WARN] PackLoader:240 - Cannot read IP mode file for STMicroelectronics.X-CUBE-BLE1.7.1.0
2025-06-27 16:47:04,630 [WARN] PackLoader:240 - Cannot read IP mode file for wolfSSL.I-CUBE-wolfMQTT.1.19.2
2025-06-27 16:47:04,656 [WARN] PackLoader:240 - Cannot read IP mode file for STMicroelectronics.X-CUBE-AI.10.1.0
2025-06-27 16:47:04,785 [WARN] PackLoader:240 - Cannot read IP mode file for STMicroelectronics.X-CUBE-MEMS1.11.2.0
2025-06-27 16:47:05,218 [WARN] PackLoader:240 - Cannot read IP mode file for STMicroelectronics.X-CUBE-AZRTOS-G0.1.1.0
2025-06-27 16:47:05,257 [WARN] PackLoader:240 - Cannot read IP mode file for STMicroelectronics.X-CUBE-SAFEA1.1.2.2
2025-06-27 16:47:05,289 [WARN] PackLoader:240 - Cannot read IP mode file for STMicroelectronics.X-CUBE-NFC4.3.0.0
2025-06-27 16:47:05,329 [WARN] PackLoader:240 - Cannot read IP mode file for EmbeddedOffice.I-CUBE-FS-RTOS.1.0.1
2025-06-27 16:47:05,360 [WARN] PackLoader:240 - Cannot read IP mode file for STMicroelectronics.X-CUBE-WB05N.2.0.0
2025-06-27 16:47:05,391 [WARN] PackLoader:240 - Cannot read IP mode file for wolfSSL.I-CUBE-wolfTPM.3.8.0
2025-06-27 16:47:05,425 [WARN] PackLoader:240 - Cannot read IP mode file for STMicroelectronics.X-CUBE-TCPP.4.2.0
2025-06-27 16:47:05,465 [WARN] PackLoader:240 - Cannot read IP mode file for RealThread.X-CUBE-RT-Thread_Nano.4.1.1
2025-06-27 16:47:05,503 [WARN] PackLoader:240 - Cannot read IP mode file for STMicroelectronics.FP-ATR-SIGFOX1.3.2.0
2025-06-27 16:47:05,551 [WARN] PackLoader:240 - Cannot read IP mode file for STMicroelectronics.X-CUBE-EEPRMA1.5.1.0
2025-06-27 16:47:05,605 [WARN] PackLoader:240 - Cannot read IP mode file for wolfSSL.I-CUBE-wolfSSL.5.7.6
2025-06-27 16:47:05,654 [WARN] PackLoader:240 - Cannot read IP mode file for ITTIA_DB.I-CUBE-ITTIADB.8.9.0
2025-06-27 16:47:05,700 [WARN] PackLoader:240 - Cannot read IP mode file for STMicroelectronics.X-CUBE-ST67W61.1.0.0
2025-06-27 16:47:05,872 [WARN] PackLoader:240 - Cannot read IP mode file for SEGGER.I-CUBE-embOS.1.3.1
2025-06-27 16:47:06,032 [WARN] PackLoader:240 - Cannot read IP mode file for STMicroelectronics.X-CUBE-ALGOBUILD.1.4.0
2025-06-27 16:47:06,155 [WARN] PackLoader:240 - Cannot read IP mode file for STMicroelectronics.X-CUBE-MEMS1.11.3.0
2025-06-27 16:47:06,416 [WARN] PackLoader:240 - Cannot read IP mode file for STMicroelectronics.X-CUBE-PM33A1.1.0.0
2025-06-27 16:47:06,489 [WARN] PackLoader:240 - Cannot read IP mode file for STMicroelectronics.X-CUBE-AZRTOS-F4.1.1.0
2025-06-27 16:47:06,544 [WARN] PackLoader:240 - Cannot read IP mode file for Avnet-IotConnect.X-CUBE-IoTC-DA16k-PMOD.1.0.0
2025-06-27 16:47:06,581 [WARN] PackLoader:240 - Cannot read IP mode file for STMicroelectronics.X-CUBE-ISPU.2.1.0
2025-06-27 16:47:06,629 [WARN] PackLoader:240 - Cannot read IP mode file for STMicroelectronics.X-CUBE-AZRTOS-L5.2.0.0
2025-06-27 16:47:06,672 [WARN] PackLoader:240 - Cannot read IP mode file for STMicroelectronics.X-CUBE-NFC6.3.1.0
2025-06-27 16:47:06,703 [WARN] PackLoader:240 - Cannot read IP mode file for STMicroelectronics.X-CUBE-DPower.1.2.0
2025-06-27 16:47:06,735 [WARN] PackLoader:240 - Cannot read IP mode file for STMicroelectronics.X-CUBE-FREERTOS.1.3.1
2025-06-27 16:47:06,773 [WARN] PackLoader:240 - Cannot read IP mode file for STMicroelectronics.X-CUBE-FREERTOS.1.3.0
2025-06-27 16:47:06,800 [WARN] PackLoader:240 - Cannot read IP mode file for STMicroelectronics.X-CUBE-NFC7.1.0.1
2025-06-27 16:47:06,835 [WARN] PackLoader:240 - Cannot read IP mode file for STMicroelectronics.FP-SNS-STAIOTCFT.1.0.0
2025-06-27 16:47:06,867 [WARN] PackLoader:240 - Cannot read IP mode file for STMicroelectronics.X-CUBE-DPower.1.3.0
2025-06-27 16:47:06,938 [WARN] ConditionMgr:438 - getConditionDescription Invalid condition id : LAN8742 Phy interface Condition cause : null
2025-06-27 16:47:06,939 [WARN] PackLoader:240 - Cannot read IP mode file for STMicroelectronics.X-CUBE-AZRTOS-L4.2.0.0
2025-06-27 16:47:06,941 [WARN] ConditionMgr:1044 - genDependencies : Invalid condition id : LAN8742 Phy interface Condition cause : null
2025-06-27 16:47:06,942 [WARN] ConditionMgr:1044 - genDependencies : Invalid condition id : LAN8742 Phy interface Condition cause : null
2025-06-27 16:47:06,943 [WARN] ConditionMgr:1044 - genDependencies : Invalid condition id : LAN8742 Phy interface Condition cause : null
2025-06-27 16:47:06,973 [WARN] PackLoader:240 - Cannot read IP mode file for STMicroelectronics.X-CUBE-SFXS2LP1.4.0.0
2025-06-27 16:47:07,046 [WARN] PackLoader:240 - Cannot read IP mode file for STMicroelectronics.X-CUBE-AZRTOS-H7.3.3.0
2025-06-27 16:47:07,096 [WARN] ConditionMgr:438 - getConditionDescription Invalid condition id : UX DEVICE CLASS RTOS Condition cause : null
2025-06-27 16:47:07,096 [WARN] ConditionMgr:438 - getConditionDescription Invalid condition id : UX DEVICE CLASS RTOS Condition cause : null
2025-06-27 16:47:07,100 [WARN] PackLoader:240 - Cannot read IP mode file for STMicroelectronics.X-CUBE-AZRTOS-WB.2.0.0
2025-06-27 16:47:07,100 [WARN] ConditionMgr:1044 - genDependencies : Invalid condition id : UX DEVICE CLASS RTOS Condition cause : null
2025-06-27 16:47:07,101 [WARN] ConditionMgr:1044 - genDependencies : Invalid condition id : UX DEVICE CLASS RTOS Condition cause : null
2025-06-27 16:47:07,102 [WARN] ConditionMgr:1044 - genDependencies : Invalid condition id : UX DEVICE CLASS RTOS Condition cause : null
2025-06-27 16:47:07,102 [WARN] ConditionMgr:1044 - genDependencies : Invalid condition id : UX DEVICE CLASS RTOS Condition cause : null
2025-06-27 16:47:07,103 [WARN] ConditionMgr:1044 - genDependencies : Invalid condition id : UX DEVICE CLASS RTOS Condition cause : null
2025-06-27 16:47:07,135 [WARN] PackLoader:240 - Cannot read IP mode file for STMicroelectronics.X-CUBE-GNSS1.7.0.1
2025-06-27 16:47:07,167 [WARN] PackLoader:240 - Cannot read IP mode file for STMicroelectronics.X-CUBE-TOUCHGFX.4.25.0
2025-06-27 16:47:07,173 [INFO] WebApp:449 - Apply proxy settings
2025-06-27 16:47:07,174 [INFO] WebApp:534 - Chromium requires no authentication
2025-06-27 16:47:07,200 [INFO] WebApp:477 - Direct internet connection detected
2025-06-27 16:47:07,201 [WARN] PackLoader:240 - Cannot read IP mode file for STMicroelectronics.FP-SNS-STBOX1.2.0.0
2025-06-27 16:47:07,246 [WARN] PackLoader:240 - Cannot read IP mode file for STMicroelectronics.X-CUBE-SUBG2.5.0.0
2025-06-27 16:47:07,266 [INFO] WebApp:880 - Register for checkConnection events
2025-06-27 16:47:07,266 [INFO] WebApp:449 - Apply proxy settings
2025-06-27 16:47:07,266 [INFO] WebApp:534 - Chromium requires no authentication
2025-06-27 16:47:07,268 [INFO] WebApp:477 - Direct internet connection detected
2025-06-27 16:47:07,307 [WARN] PackLoader:240 - Cannot read IP mode file for STMicroelectronics.X-CUBE-AZRTOS-H7RS.1.1.0
2025-06-27 16:47:07,341 [WARN] PackLoader:240 - Cannot read IP mode file for Cesanta.I-CUBE-Mongoose.7.13.0
2025-06-27 16:47:07,387 [WARN] PackLoader:240 - Cannot read IP mode file for STMicroelectronics.X-CUBE-AZRTOS-G4.2.0.0
2025-06-27 16:47:07,416 [WARN] PackLoader:240 - Cannot read IP mode file for wolfSSL.I-CUBE-wolfSSH.1.4.20
2025-06-27 16:47:07,450 [WARN] PackLoader:240 - Cannot read IP mode file for STMicroelectronics.X-CUBE-NFC7.2.0.0
2025-06-27 16:47:07,490 [WARN] PackLoader:240 - Cannot read IP mode file for STMicroelectronics.X-CUBE-IPS.3.1.0
2025-06-27 16:47:07,528 [WARN] PackLoader:240 - Cannot read IP mode file for STMicroelectronics.X-CUBE-ALS.1.0.2
2025-06-27 16:47:07,560 [WARN] PackLoader:240 - Cannot read IP mode file for portGmbH.I-Cube-SoM-uGOAL.1.1.0
2025-06-27 16:47:07,597 [WARN] PackLoader:240 - Cannot read IP mode file for STMicroelectronics.X-CUBE-TOF1.3.4.2
2025-06-27 16:47:07,662 [WARN] PackLoader:240 - Cannot read IP mode file for STMicroelectronics.X-CUBE-TOF1.3.4.3
2025-06-27 16:47:07,686 [INFO] ThirdParty:978 - Integrity check success = true
2025-06-27 16:47:07,686 [INFO] IntegrityCheckThread:100 - exiting critical section [integrity check]
2025-06-27 16:47:07,686 [INFO] IntegrityCheckThread:103 - End integrity checks thread
2025-06-27 16:47:07,784 [INFO] WebApp:221 - Starting web application
2025-06-27 16:47:07,784 [INFO] WebApp:579 - Web application path used C:\ST\STM32CubeIDE_1.17.0\STM32CubeIDE\plugins\com.st.stm32cube.common.mx_6.13.0.202411220809\db\plugins\mcufinder\reactClient1\index.html
2025-06-27 16:47:08,332 [INFO] UserAuth:486 - Internet connection configuration mode: 1
2025-06-27 16:47:08,401 [INFO] WebApp:187 - Connection restablished
2025-06-27 16:48:27,339 [INFO] McuFinderGlobals:63 - Set McuFinder mode to 2 (CubeIDE integrated)
2025-06-27 16:48:27,397 [INFO] MainUpdater:2872 - connection check result : 10
2025-06-27 16:48:29,112 [INFO] ApiDb:581 - Connected to CubeFinder SQLite database (C:\Users\Santiago\.stmcufinder\plugins\mcufinder\mcu\cube-finder-db.db)
2025-06-27 16:48:29,276 [INFO] ApiDb:668 - CubeFinder database Data Model version=2.1
2025-06-27 16:48:29,276 [INFO] ApiDb:669 - CubeFinder database Configuration version=3.0.39
2025-06-27 16:48:29,277 [INFO] ApiDb:670 - CubeFinder database generation date=2025-06-16 (1750072209)
2025-06-27 16:48:29,277 [INFO] ApiDb:671 - CubeFinder database FW Pack versions=[FP-ATR-ASTRA1_V2.0.0, FP-SNS-FLIGHT1_V5.1.0, FP-SNS-MOTENV1_V5.0.0, FP-SNS-MOTENVWB1_V1.4.0, FP-SNS-SMARTAG2_V1.2.0, FP-SNS-STBOX1_V2.0.0, STM32Cube_FW_C0_V1.4.0, STM32Cube_FW_F4_V1.28.2, STM32Cube_FW_F7_V1.17.3, STM32Cube_FW_G0_V1.6.2, STM32Cube_FW_G4_V1.6.1, STM32Cube_FW_H5_V1.5.0, STM32Cube_FW_H7RS_V1.2.0, STM32Cube_FW_H7_V1.12.1, STM32Cube_FW_L0_V1.12.2, STM32Cube_FW_L4_V1.18.1, STM32Cube_FW_L5_V1.5.1, STM32Cube_FW_N6_V1.1.1, STM32Cube_FW_U0_V1.2.0, STM32Cube_FW_U3_V1.1.0, STM32Cube_FW_U5_V1.7.0, STM32Cube_FW_WB0_V1.2.0, STM32Cube_FW_WBA_V1.6.0, STM32Cube_FW_WB_V1.22.0, STM32Cube_FW_WL3_V1.1.0, STM32Cube_FW_WL_V1.3.1, X-CUBE-ALGOBUILD_V1.4.0, X-CUBE-ALS_V1.0.2, X-CUBE-AZRTOS-F4_V1.1.0, X-CUBE-AZRTOS-F7_V1.1.0, X-CUBE-AZRTOS-G0_V1.1.0, X-CUBE-AZRTOS-G4_V2.0.0, X-CUBE-AZRTOS-H7RS_V1.1.0, X-CUBE-AZRTOS-H7_V3.3.0, X-CUBE-AZRTOS-L4_V2.0.0, X-CUBE-AZRTOS-L5_V2.0.0, X-CUBE-AZRTOS-WB_V2.0.0, X-CUBE-AZRTOS-WL_V2.0.0, X-CUBE-BLE1_V7.1.0, X-CUBE-BLE2_V3.3.0, X-CUBE-BLEMGR_V4.0.0, X-CUBE-EEPRMA1_V5.1.0, X-CUBE-FREERTOS_V1.3.1, X-CUBE-GNSS1_V6.0.0, X-CUBE-MEMS1_V11.3.0, X-CUBE-NFC4_V3.0.0, X-CUBE-NFC7_V2.0.0, X-CUBE-SFXS2LP1_V4.0.0, X-CUBE-SUBG2_V5.0.0, X-CUBE-TOF1_V3.4.3]
2025-06-27 16:48:29,448 [INFO] DbBoardsSqlite:226 - include board P-NUCLEO-WB55-NUCLEO as a kit item of type 'Nucleo-64'
2025-06-27 16:48:29,449 [INFO] DbBoardsSqlite:226 - include board P-NUCLEO-WB55-USBDONGLE as a kit item of type 'Nucleo USB Dongle'
2025-06-27 16:48:29,450 [INFO] DbBoardsSqlite:226 - include board STEVAL-IDP005V1 as a kit item of type 'Evaluation Board'
2025-06-27 16:48:29,450 [INFO] DbBoardsSqlite:226 - include board STEVAL-IDP005V2 as a kit item of type 'Evaluation Board'
2025-06-27 16:48:29,998 [INFO] ApiDb:240 - Found 858 in-development CPN: [B-G473E-ZEST1S, B-WB1M-WPAN1, B-WBA5M-WPAN, B-WL5M-SUBG1, NUCLEO-C031C6, NUCLEO-C051C8, NUCLEO-C071RB, NUCLEO-C092RC, NUCLEO-H503RB, NUCLEO-H533RE, NUCLEO-H563ZI, NUCLEO-H7S3L8, NUCLEO-N657X0-Q, NUCLEO-U031R8, NUCLEO-U083RC, NUCLEO-U385RG-Q, NUCLEO-U545RE-Q, NUCLEO-U5A5ZJ-Q, NUCLEO-WB05KZ, NUCLEO-WB07CC, NUCLEO-WB09KE, NUCLEO-WBA52CG, NUCLEO-WBA55CG, NUCLEO-WL33CC1, NUCLEO-WL33CC2, STEVAL-PROTEUS1, STEVAL-SMARTAG2, STEVAL-STWINBX1, STM320518-EVAL, STM32C0116-DK, STM32C011D6Y3TR, STM32C011D6Y6TR, STM32C011F4P3, STM32C011F4P6, STM32C011F4U3, STM32C011F4U6TR, STM32C011F6P3, STM32C011F6P6, STM32C011F6U3, STM32C011F6U6TR, STM32C011J4M3, STM32C011J4M6, STM32C011J6M3, STM32C011J6M6, STM32C0316-DK, STM32C031C4T3, STM32C031C4T6, STM32C031C4U3, STM32C031C4U6, STM32C031C6T3, STM32C031C6T6, STM32C031C6U3, STM32C031C6U6, STM32C031F4P3, STM32C031F4P6, STM32C031F6P3, STM32C031F6P6, STM32C031G4U3, STM32C031G4U6, STM32C031G6U3, STM32C031G6U6, STM32C031K4T3, STM32C031K4T6, STM32C031K4U3, STM32C031K4U6, STM32C031K6T3, STM32C031K6T6, STM32C031K6U3, STM32C031K6U6, STM32C051C6T6, STM32C051C6U6, STM32C051C8T6, STM32C051C8U6, STM32C051D8Y6TR, STM32C051F6P6, STM32C051F8P6, STM32C051G6U6, STM32C051G8U6, STM32C051K6T6, STM32C051K6U6, STM32C051K8T6, STM32C071C8T6, STM32C071C8T6N, STM32C071C8U6, STM32C071C8U6N, STM32C071CBT6, STM32C071CBT6N, STM32C071CBU6, STM32C071CBU6N, STM32C071F8P6, STM32C071F8P6N, STM32C071FBP6, STM32C071FBP6N, STM32C071FBY6TR, STM32C071G8U6, STM32C071G8U6N, STM32C071GBU6, STM32C071GBU6N, STM32C071K8T6, STM32C071K8T6N, STM32C071K8U6, STM32C071K8U6N, STM32C071KBT6, STM32C071KBT6N, STM32C071KBU6, STM32C071KBU6N, STM32C071R8T6, STM32C071R8T6N, STM32C071RBI6N, STM32C071RBT6, STM32C071RBT6N, STM32C091CBT6, STM32C091CBU6, STM32C091CCT6, STM32C091CCU6, STM32C091ECY6TR, STM32C091FBP6, STM32C091FCP6, STM32C091GBU6, STM32C091GCU6, STM32C091KBT6, STM32C091KBU6, STM32C091KCT6, STM32C091KCU6, STM32C091RBT6, STM32C091RCI6, STM32C091RCT6, STM32C092CBT6, STM32C092CBU6, STM32C092CCT6, STM32C092CCU6, STM32C092ECY6TR, STM32C092FBP6, STM32C092FCP6, STM32C092GBU6, STM32C092GCU6, STM32C092KBT6, STM32C092KBU6, STM32C092KCT6, STM32C092KCU6, STM32C092RBT6, STM32C092RCI6, STM32C092RCT6, STM32G071K8TXN, STM32G071K8UXN, STM32G081GBU6N, STM32G081KBT6N, STM32G081KBUXN, STM32G0B1CCT6N, STM32G0B1KCT6, STM32G0B1NEY6TR, STM32G0B1RCT6N, STM32G0C1CCT6, STM32G0C1CCT6N, STM32G0C1CCU6N, STM32G0C1CET6N, STM32G0C1CEU6N, STM32G0C1KCT6, STM32G0C1NEY6TR, STM32G0C1RCI6N, STM32G0C1RCT6N, STM32G0C1REI6N, STM32G0C1RET6N, STM32G0C1VCI6, STM32G0C1VEI6, STM32G411C6T3, STM32G411C6T6, STM32G411C6U3, STM32G411C6U6, STM32G411C8T3, STM32G411C8T6, STM32G411C8U3, STM32G411C8U6, STM32G411CBT3, STM32G411CBT6, STM32G411CBU3, STM32G411CBU6, STM32G411CCT3, STM32G411CCT6, STM32G411CCU3, STM32G411CCU6, STM32G411K6T3, STM32G411K6T6, STM32G411K6U3, STM32G411K6U6, STM32G411K8T3, STM32G411K8T6, STM32G411K8U3, STM32G411K8U6, STM32G411KBT3, STM32G411KBT6, STM32G411KBU3, STM32G411KBU6, STM32G411M6T3, STM32G411M6T6, STM32G411M8T3, STM32G411M8T6, STM32G411MBT3, STM32G411MBT6, STM32G411MCT3, STM32G411MCT6, STM32G411R6T3, STM32G411R6T6, STM32G411R8T3, STM32G411R8T6, STM32G411RBT3, STM32G411RBT6, STM32G411RCT3, STM32G411RCT6, STM32G414CBT3, STM32G414CBT6, STM32G414CBU3, STM32G414CBU6, STM32G414CCT3, STM32G414CCT6, STM32G414CCU3, STM32G414CCU6, STM32G414MBT3, STM32G414MBT6, STM32G414MCT3, STM32G414MCT6, STM32G414RBT3, STM32G414RBT6, STM32G414RCT3, STM32G414RCT6, STM32G414VBT3, STM32G414VBT6, STM32G414VCT3, STM32G414VCT6, STM32G431CBT3Z, STM32G431RBT3Z, STM32G471CCT6, STM32G471CCU6, STM32G471CET3, STM32G471CET6, STM32G471CEU3, STM32G471CEU6, STM32G471MCT6, STM32G471MET3, STM32G471MET6, STM32G471MEY6TR, STM32G471QCT6, STM32G471QET3, STM32G471RCT6, STM32G471RET3, STM32G471RET6, STM32G471VCH6, STM32G471VCI6, STM32G471VCT6, STM32G471VEH3, STM32G471VEH6, STM32G471VEI3, STM32G471VEI6, STM32G471VET3, STM32G471VET6, STM32G473QET3Z, STM32G473RET3Z, STM32G474CCT6, STM32G491RET3Z, STM32H503CBT6, STM32H503CBU6, STM32H503EBY6TR, STM32H503KBU6, STM32H503RBT6, STM32H523CCT6, STM32H523CCU6, STM32H523CET6, STM32H523CEU6, STM32H523HEY6TR, STM32H523RCT6, STM32H523RET6, STM32H523VCI6, STM32H523VCT6, STM32H523VEI6, STM32H523VET6, STM32H523ZCJ6, STM32H523ZCT6, STM32H523ZEJ6, STM32H523ZET6, STM32H533CET6, STM32H533CEU6, STM32H533HEY6TR, STM32H533RET6, STM32H533VEI6, STM32H533VET6, STM32H533ZEJ6, STM32H533ZET6, STM32H562AGI6, STM32H562AII6, STM32H562IGK6, STM32H562IGT6, STM32H562IIK6, STM32H562IIT6, STM32H562RGT6, STM32H562RGV6, STM32H562RIT6, STM32H562RIV6, STM32H562VGT6, STM32H562VIT6, STM32H562ZGT6, STM32H562ZIT6, STM32H563AGI6, STM32H563AII3Q, STM32H563AII6, STM32H563IGK6, STM32H563IGT6, STM32H563IIK3Q, STM32H563IIK6, STM32H563IIT3Q, STM32H563IIT6, STM32H563MIY3QTR, STM32H563RGT6, STM32H563RGV6, STM32H563RIT6, STM32H563RIV6, STM32H563VGT6, STM32H563VIT3Q, STM32H563VIT6, STM32H563ZGT6, STM32H563ZIT3Q, STM32H563ZIT6, STM32H573AII3Q, STM32H573AII6, STM32H573I-DK, STM32H573IIK3Q, STM32H573IIK6, STM32H573IIT3Q, STM32H573IIT6, STM32H573MIY3QTR, STM32H573RIT6, STM32H573RIV6, STM32H573VIT3Q, STM32H573VIT6, STM32H573ZIT3Q, STM32H573ZIT6, STM32H7R3A8I6, STM32H7R3I8K6, STM32H7R3I8T6, STM32H7R3L8H6, STM32H7R3L8H6H, STM32H7R3R8V6, STM32H7R3V8H6, STM32H7R3V8T6, STM32H7R3V8Y6TR, STM32H7R3Z8J6, STM32H7R3Z8T6, STM32H7R7A8I6, STM32H7R7I8K6, STM32H7R7I8T6, STM32H7R7L8H6, STM32H7R7L8H6H, STM32H7R7Z8J6, STM32H7S3A8I6, STM32H7S3I8K6, STM32H7S3I8T6, STM32H7S3L8H6, STM32H7S3L8H6H, STM32H7S3R8V6, STM32H7S3V8H6, STM32H7S3V8T6, STM32H7S3V8Y6TR, STM32H7S3Z8J6, STM32H7S3Z8T6, STM32H7S78-DK, STM32H7S7A8I6, STM32H7S7I8K6, STM32H7S7I8T6, STM32H7S7L8H6, STM32H7S7L8H6H, STM32H7S7Z8J6, STM32L4R5QGI6STR, STM32MP131AAE3, STM32MP131AAF3, STM32MP131AAG3, STM32MP131CAE3, STM32MP131CAF3, STM32MP131CAG3, STM32MP131DAE7, STM32MP131DAF7, STM32MP131DAG7, STM32MP131FAE7, STM32MP131FAF7, STM32MP131FAG7, STM32MP133AAE3, STM32MP133AAF3, STM32MP133AAG3, STM32MP133CAE3, STM32MP133CAF3, STM32MP133CAG3, STM32MP133DAE7, STM32MP133DAF7, STM32MP133DAG7, STM32MP133FAE7, STM32MP133FAF7, STM32MP133FAG7, STM32MP135AAE3, STM32MP135AAF3, STM32MP135AAG3, STM32MP135CAE3, STM32MP135CAF3, STM32MP135CAG3, STM32MP135DAE7, STM32MP135DAF7, STM32MP135DAG7, STM32MP135F-DK, STM32MP135FAE7, STM32MP135FAF7, STM32MP135FAF7T, STM32MP135FAF7U, STM32MP135FAG7, STM32MP231AAJ3, STM32MP231AAK3, STM32MP231AAL3, STM32MP231CAJ3, STM32MP231CAK3, STM32MP231CAL3, STM32MP231DAJ3, STM32MP231DAK3, STM32MP231DAL3, STM32MP231FAJ3, STM32MP231FAK3, STM32MP231FAL3, STM32MP233AAJ3, STM32MP233AAK3, STM32MP233AAL3, STM32MP233CAJ3, STM32MP233CAK3, STM32MP233CAL3, STM32MP233DAJ3, STM32MP233DAK3, STM32MP233DAL3, STM32MP233FAJ3, STM32MP233FAK3, STM32MP233FAL3, STM32MP235AAJ3, STM32MP235AAK3, STM32MP235AAL3, STM32MP235CAJ3, STM32MP235CAK3, STM32MP235CAL3, STM32MP235DAJ3, STM32MP235DAK3, STM32MP235DAL3, STM32MP235FAJ3, STM32MP235FAK3, STM32MP235FAL3, STM32MP251AAI3, STM32MP251AAJ3, STM32MP251AAK3, STM32MP251AAL3, STM32MP251CAI3, STM32MP251CAJ3, STM32MP251CAK3, STM32MP251CAL3, STM32MP251DAI3, STM32MP251DAJ3, STM32MP251DAK3, STM32MP251DAL3, STM32MP251FAI3, STM32MP251FAJ3, STM32MP251FAK3, STM32MP251FAL3, STM32MP253AAI3, STM32MP253AAJ3, STM32MP253AAK3, STM32MP253AAL3, STM32MP253CAI3, STM32MP253CAJ3, STM32MP253CAK3, STM32MP253CAL3, STM32MP253DAI3, STM32MP253DAJ3, STM32MP253DAK3, STM32MP253DAL3, STM32MP253FAI3, STM32MP253FAJ3, STM32MP253FAK3, STM32MP253FAL3, STM32MP255AAI3, STM32MP255AAJ3, STM32MP255AAK3, STM32MP255AAL3, STM32MP255CAI3, STM32MP255CAJ3, STM32MP255CAK3, STM32MP255CAL3, STM32MP255DAI3, STM32MP255DAJ3, STM32MP255DAK3, STM32MP255DAL3, STM32MP255FAI3, STM32MP255FAJ3, STM32MP255FAK3, STM32MP255FAL3, STM32MP257AAI3, STM32MP257AAJ3, STM32MP257AAK3, STM32MP257AAL3, STM32MP257CAI3, STM32MP257CAJ3, STM32MP257CAK3, STM32MP257CAL3, STM32MP257DAI3, STM32MP257DAJ3, STM32MP257DAK3, STM32MP257DAL3, STM32MP257F-DK, STM32MP257F-EV1, STM32MP257FAI3, STM32MP257FAJ3, STM32MP257FAK3, STM32MP257FAL3, STM32N645A0H3Q, STM32N645B0H3Q, STM32N645I0H3Q, STM32N645L0H3Q, STM32N645X0H3Q, STM32N645Z0H3Q, STM32N647A0H3Q, STM32N647B0H3Q, STM32N647I0H3Q, STM32N647L0H3Q, STM32N647X0H3Q, STM32N647Z0H3Q, STM32N655A0H3Q, STM32N655B0H3Q, STM32N655I0H3Q, STM32N655L0H3Q, STM32N655X0H3Q, STM32N655Z0H3Q, STM32N6570-DK, STM32N657A0H3Q, STM32N657B0H3Q, STM32N657I0H3Q, STM32N657L0H3Q, STM32N657X0H3Q, STM32N657Z0H3Q, STM32U031C6T6, STM32U031C6U6, STM32U031C8T6, STM32U031C8U6, STM32U031F4P6, STM32U031F6P6, STM32U031F8P6, STM32U031G6Y6TR, STM32U031G8Y6TR, STM32U031K4U6, STM32U031K6U6, STM32U031K8U6, STM32U031R6I6, STM32U031R6T6, STM32U031R8I6, STM32U031R8T6, STM32U073C8T6, STM32U073C8U6, STM32U073CBT6, STM32U073CBU6, STM32U073CCT6, STM32U073CCU6, STM32U073H8Y6TR, STM32U073HBY6TR, STM32U073HCY6TR, STM32U073K8U6, STM32U073KBU6, STM32U073KCU6, STM32U073M8I6, STM32U073M8T6, STM32U073MBI6, STM32U073MBT6, STM32U073MCI6, STM32U073MCT6, STM32U073R8I6, STM32U073R8T6, STM32U073RBI6, STM32U073RBT6, STM32U073RCI6, STM32U073RCT6, STM32U083C-DK, STM32U083CCT6, STM32U083CCU6, STM32U083HCY6TR, STM32U083KCU6, STM32U083MCI6, STM32U083MCT6, STM32U083RCI6, STM32U083RCT6, STM32U375CET6, STM32U375CET6Q, STM32U375CEU6, STM32U375CEU6Q, STM32U375CEY6QTR, STM32U375CGT6, STM32U375CGT6Q, STM32U375CGU6, STM32U375CGU6Q, STM32U375CGY6QTR, STM32U375KEU6, STM32U375KGU6, STM32U375REI6, STM32U375REI6Q, STM32U375RET6, STM32U375RET6Q, STM32U375REY6GTR, STM32U375REY6QTR, STM32U375RGI6, STM32U375RGI6Q, STM32U375RGT6, STM32U375RGT6Q, STM32U375RGY6GTR, STM32U375RGY6QTR, STM32U375VEI6, STM32U375VEI6Q, STM32U375VET6, STM32U375VET6Q, STM32U375VGI6, STM32U375VGI6Q, STM32U375VGT6, STM32U375VGT6Q, STM32U385CGT6, STM32U385CGT6Q, STM32U385CGU6, STM32U385CGU6Q, STM32U385CGY6QTR, STM32U385KGU6, STM32U385RGI6, STM32U385RGI6Q, STM32U385RGT6, STM32U385RGT6Q, STM32U385RGY6GTR, STM32U385RGY6QTR, STM32U385VGI6, STM32U385VGI6Q, STM32U385VGT6, STM32U385VGT6Q, STM32U535CBT6, STM32U535CBT6Q, STM32U535CBU6, STM32U535CBU6Q, STM32U535CCT6, STM32U535CCT6Q, STM32U535CCU6, STM32U535CCU6Q, STM32U535CET6, STM32U535CET6Q, STM32U535CEU6, STM32U535CEU6Q, STM32U535JEY6QTR, STM32U535NCY6QTR, STM32U535NEY6QTR, STM32U535RBI6, STM32U535RBI6Q, STM32U535RBT6, STM32U535RBT6Q, STM32U535RCI6, STM32U535RCI6Q, STM32U535RCT6, STM32U535RCT6Q, STM32U535REI6, STM32U535REI6Q, STM32U535RET6, STM32U535RET6Q, STM32U535VCI6, STM32U535VCI6Q, STM32U535VCT6, STM32U535VCT6Q, STM32U535VEI6, STM32U535VEI6Q, STM32U535VET6, STM32U535VET6Q, STM32U545CET6, STM32U545CET6Q, STM32U545CEU6, STM32U545CEU6Q, STM32U545JEY6QTR, STM32U545NEY6QTR, STM32U545REI6, STM32U545REI6Q, STM32U545RET6, STM32U545RET6Q, STM32U545VEI6, STM32U545VEI6Q, STM32U545VET6, STM32U545VET6Q, STM32U595AIH6, STM32U595AIH6Q, STM32U595AJH6, STM32U595AJH6Q, STM32U595QII6, STM32U595QII6Q, STM32U595QJI6, STM32U595QJI6Q, STM32U595RIT6, STM32U595RIT6Q, STM32U595RJT6, STM32U595RJT6Q, STM32U595VIT6, STM32U595VIT6Q, STM32U595VJT6, STM32U595VJT6Q, STM32U595ZIT6, STM32U595ZIT6Q, STM32U595ZIY6QTR, STM32U595ZJT6, STM32U595ZJT6Q, STM32U595ZJY6QTR, STM32U599BJY6QTR, STM32U599NIH6Q, STM32U599NJH6Q, STM32U599VIT6Q, STM32U599VJT6, STM32U599VJT6Q, STM32U599ZIT6Q, STM32U599ZIY6QTR, STM32U599ZJT6Q, STM32U599ZJY6QTR, STM32U5A5AJH6, STM32U5A5AJH6Q, STM32U5A5QII3Q , STM32U5A5QJI6, STM32U5A5QJI6Q, STM32U5A5RJT6, STM32U5A5RJT6Q, STM32U5A5VJT6, STM32U5A5VJT6Q, STM32U5A5ZJT6, STM32U5A5ZJT6Q, STM32U5A5ZJY6QTR, STM32U5A9BJY6QTR, STM32U5A9J-DK, STM32U5A9NJH6Q, STM32U5A9VJT6Q, STM32U5A9ZJT6Q, STM32U5A9ZJY6QTR, STM32U5F7VIT6, STM32U5F7VIT6Q, STM32U5F7VJT6, STM32U5F7VJT6Q, STM32U5F9BJY6QTR, STM32U5F9NJH6Q, STM32U5F9VIT6Q, STM32U5F9VJT6Q, STM32U5F9ZIJ6QTR, STM32U5F9ZIT6Q, STM32U5F9ZJJ6QTR, STM32U5F9ZJT6Q, STM32U5G7VJT6, STM32U5G7VJT6Q, STM32U5G9BJY6QTR, STM32U5G9J-DK1, STM32U5G9J-DK2, STM32U5G9NJH6Q, STM32U5G9VJT6Q, STM32U5G9ZJJ6QTR, STM32U5G9ZJT6Q, STM32WB05KZV6TR, STM32WB05KZV7TR, STM32WB05TZF6TR, STM32WB05TZF7TR, STM32WB06CCF6TR, STM32WB06CCF7TR, STM32WB06CCV6TR, STM32WB06CCV7TR, STM32WB06KCV6TR, STM32WB06KCV7TR, STM32WB07CCF6TR, STM32WB07CCF7TR, STM32WB07CCV6TR, STM32WB07CCV7TR, STM32WB07KCV6TR, STM32WB07KCV7TR, STM32WB09KEV6TR, STM32WB09KEV7TR, STM32WB09TEF6TR, STM32WB09TEF7TR, STM32WB1MMCH6, STM32WBA50KGU6, STM32WBA50KGU6TR, STM32WBA52CEU6, STM32WBA52CEU6TR, STM32WBA52CEU7, STM32WBA52CEU7TR, STM32WBA52CGU6, STM32WBA52CGU6TR, STM32WBA52CGU6U, STM32WBA52CGU7, STM32WBA52CGU7TR, STM32WBA52KEU6, STM32WBA52KEU6TR, STM32WBA52KGU6, STM32WBA52KGU6TR, STM32WBA54CEU6, STM32WBA54CEU6TR, STM32WBA54CEU7, STM32WBA54CEU7TR, STM32WBA54CGU6, STM32WBA54CGU6TR, STM32WBA54CGU7, STM32WBA54CGU7TR, STM32WBA54KEU6, STM32WBA54KEU6TR, STM32WBA54KEU7, STM32WBA54KEU7TR, STM32WBA54KGU6, STM32WBA54KGU6TR, STM32WBA54KGU7, STM32WBA54KGU7TR, STM32WBA55CEU6, STM32WBA55CEU6TR, STM32WBA55CEU7, STM32WBA55CEU7TR, STM32WBA55CGU6, STM32WBA55CGU6TR, STM32WBA55CGU6U, STM32WBA55CGU7, STM32WBA55CGU7TR, STM32WBA55G-DK1, STM32WBA55HEF6, STM32WBA55HEF7, STM32WBA55HGF6, STM32WBA55HGF7, STM32WBA55UEI6, STM32WBA55UEI6TR, STM32WBA55UEI7, STM32WBA55UEI7TR, STM32WBA55UGI6, STM32WBA55UGI6TR, STM32WBA55UGI7, STM32WBA55UGI7TR, STM32WBA5MJGH6TR, STM32WBA5MJGH6U, STM32WL33C8V6, STM32WL33C8V6TR, STM32WL33C8V7, STM32WL33C8V7TR, STM32WL33CBV6, STM32WL33CBV6TR, STM32WL33CBV7, STM32WL33CBV7TR, STM32WL33CCV6, STM32WL33CCV6TR, STM32WL33CCV7, STM32WL33CCV7A, STM32WL33CCV7ATR, STM32WL33CCV7TR, STM32WL33K8V6, STM32WL33K8V6TR, STM32WL33K8V7, STM32WL33K8V7TR, STM32WL33KBV6, STM32WL33KBV6TR, STM32WL33KBV7, STM32WL33KBV7TR, STM32WL33KCV6, STM32WL33KCV6TR, STM32WL33KCV7, STM32WL33KCV7TR, STM32WL5MOCH6, STM32WL5MOCH6TR]
2025-06-27 16:48:30,842 [INFO] BoardInfo:889 - No configuration file found for board NUCLEO-WBA65RI
2025-06-27 16:48:30,848 [INFO] DbBoards:161 - Board is not supported: NUCLEO-WBA65RI
2025-06-27 16:48:30,909 [INFO] BoardInfo:889 - No configuration file found for board P-NUCLEO-WB55
2025-06-27 16:48:30,913 [INFO] DbBoards:161 - Kit is not supported: P-NUCLEO-WB55
2025-06-27 16:48:30,942 [INFO] BoardInfo:889 - No configuration file found for board STEVAL-BFA001V1B
2025-06-27 16:48:30,946 [INFO] DbBoards:161 - Kit is not supported: STEVAL-BFA001V1B
2025-06-27 16:48:30,949 [INFO] BoardInfo:889 - No configuration file found for board STEVAL-BFA001V2B
2025-06-27 16:48:30,953 [INFO] DbBoards:161 - Kit is not supported: STEVAL-BFA001V2B
2025-06-27 16:48:31,445 [INFO] BoardInfo:889 - No configuration file found for board STM32WBA65I-DK1
2025-06-27 16:48:31,448 [INFO] DbBoards:161 - Board is not supported: STM32WBA65I-DK1
2025-06-27 16:48:31,449 [INFO] DbBoards:168 - Found 211 boards, 206 are supported
2025-06-27 16:48:31,449 [INFO] DbBoards:169 - Found 211 boards, 42 of them is supported for  Bsp
2025-06-27 16:48:31,457 [INFO] ApiDb:668 - CubeFinder database Data Model version=2.1
2025-06-27 16:48:31,458 [INFO] ApiDb:669 - CubeFinder database Configuration version=3.0.39
2025-06-27 16:48:31,458 [INFO] ApiDb:670 - CubeFinder database generation date=2025-06-16 (1750072209)
2025-06-27 16:48:31,458 [INFO] ApiDb:671 - CubeFinder database FW Pack versions=[FP-ATR-ASTRA1_V2.0.0, FP-SNS-FLIGHT1_V5.1.0, FP-SNS-MOTENV1_V5.0.0, FP-SNS-MOTENVWB1_V1.4.0, FP-SNS-SMARTAG2_V1.2.0, FP-SNS-STBOX1_V2.0.0, STM32Cube_FW_C0_V1.4.0, STM32Cube_FW_F4_V1.28.2, STM32Cube_FW_F7_V1.17.3, STM32Cube_FW_G0_V1.6.2, STM32Cube_FW_G4_V1.6.1, STM32Cube_FW_H5_V1.5.0, STM32Cube_FW_H7RS_V1.2.0, STM32Cube_FW_H7_V1.12.1, STM32Cube_FW_L0_V1.12.2, STM32Cube_FW_L4_V1.18.1, STM32Cube_FW_L5_V1.5.1, STM32Cube_FW_N6_V1.1.1, STM32Cube_FW_U0_V1.2.0, STM32Cube_FW_U3_V1.1.0, STM32Cube_FW_U5_V1.7.0, STM32Cube_FW_WB0_V1.2.0, STM32Cube_FW_WBA_V1.6.0, STM32Cube_FW_WB_V1.22.0, STM32Cube_FW_WL3_V1.1.0, STM32Cube_FW_WL_V1.3.1, X-CUBE-ALGOBUILD_V1.4.0, X-CUBE-ALS_V1.0.2, X-CUBE-AZRTOS-F4_V1.1.0, X-CUBE-AZRTOS-F7_V1.1.0, X-CUBE-AZRTOS-G0_V1.1.0, X-CUBE-AZRTOS-G4_V2.0.0, X-CUBE-AZRTOS-H7RS_V1.1.0, X-CUBE-AZRTOS-H7_V3.3.0, X-CUBE-AZRTOS-L4_V2.0.0, X-CUBE-AZRTOS-L5_V2.0.0, X-CUBE-AZRTOS-WB_V2.0.0, X-CUBE-AZRTOS-WL_V2.0.0, X-CUBE-BLE1_V7.1.0, X-CUBE-BLE2_V3.3.0, X-CUBE-BLEMGR_V4.0.0, X-CUBE-EEPRMA1_V5.1.0, X-CUBE-FREERTOS_V1.3.1, X-CUBE-GNSS1_V6.0.0, X-CUBE-MEMS1_V11.3.0, X-CUBE-NFC4_V3.0.0, X-CUBE-NFC7_V2.0.0, X-CUBE-SFXS2LP1_V4.0.0, X-CUBE-SUBG2_V5.0.0, X-CUBE-TOF1_V3.4.3]
2025-06-27 16:48:36,667 [INFO] ApiDb:240 - Found 858 in-development CPN: [B-G473E-ZEST1S, B-WB1M-WPAN1, B-WBA5M-WPAN, B-WL5M-SUBG1, NUCLEO-C031C6, NUCLEO-C051C8, NUCLEO-C071RB, NUCLEO-C092RC, NUCLEO-H503RB, NUCLEO-H533RE, NUCLEO-H563ZI, NUCLEO-H7S3L8, NUCLEO-N657X0-Q, NUCLEO-U031R8, NUCLEO-U083RC, NUCLEO-U385RG-Q, NUCLEO-U545RE-Q, NUCLEO-U5A5ZJ-Q, NUCLEO-WB05KZ, NUCLEO-WB07CC, NUCLEO-WB09KE, NUCLEO-WBA52CG, NUCLEO-WBA55CG, NUCLEO-WL33CC1, NUCLEO-WL33CC2, STEVAL-PROTEUS1, STEVAL-SMARTAG2, STEVAL-STWINBX1, STM320518-EVAL, STM32C0116-DK, STM32C011D6Y3TR, STM32C011D6Y6TR, STM32C011F4P3, STM32C011F4P6, STM32C011F4U3, STM32C011F4U6TR, STM32C011F6P3, STM32C011F6P6, STM32C011F6U3, STM32C011F6U6TR, STM32C011J4M3, STM32C011J4M6, STM32C011J6M3, STM32C011J6M6, STM32C0316-DK, STM32C031C4T3, STM32C031C4T6, STM32C031C4U3, STM32C031C4U6, STM32C031C6T3, STM32C031C6T6, STM32C031C6U3, STM32C031C6U6, STM32C031F4P3, STM32C031F4P6, STM32C031F6P3, STM32C031F6P6, STM32C031G4U3, STM32C031G4U6, STM32C031G6U3, STM32C031G6U6, STM32C031K4T3, STM32C031K4T6, STM32C031K4U3, STM32C031K4U6, STM32C031K6T3, STM32C031K6T6, STM32C031K6U3, STM32C031K6U6, STM32C051C6T6, STM32C051C6U6, STM32C051C8T6, STM32C051C8U6, STM32C051D8Y6TR, STM32C051F6P6, STM32C051F8P6, STM32C051G6U6, STM32C051G8U6, STM32C051K6T6, STM32C051K6U6, STM32C051K8T6, STM32C071C8T6, STM32C071C8T6N, STM32C071C8U6, STM32C071C8U6N, STM32C071CBT6, STM32C071CBT6N, STM32C071CBU6, STM32C071CBU6N, STM32C071F8P6, STM32C071F8P6N, STM32C071FBP6, STM32C071FBP6N, STM32C071FBY6TR, STM32C071G8U6, STM32C071G8U6N, STM32C071GBU6, STM32C071GBU6N, STM32C071K8T6, STM32C071K8T6N, STM32C071K8U6, STM32C071K8U6N, STM32C071KBT6, STM32C071KBT6N, STM32C071KBU6, STM32C071KBU6N, STM32C071R8T6, STM32C071R8T6N, STM32C071RBI6N, STM32C071RBT6, STM32C071RBT6N, STM32C091CBT6, STM32C091CBU6, STM32C091CCT6, STM32C091CCU6, STM32C091ECY6TR, STM32C091FBP6, STM32C091FCP6, STM32C091GBU6, STM32C091GCU6, STM32C091KBT6, STM32C091KBU6, STM32C091KCT6, STM32C091KCU6, STM32C091RBT6, STM32C091RCI6, STM32C091RCT6, STM32C092CBT6, STM32C092CBU6, STM32C092CCT6, STM32C092CCU6, STM32C092ECY6TR, STM32C092FBP6, STM32C092FCP6, STM32C092GBU6, STM32C092GCU6, STM32C092KBT6, STM32C092KBU6, STM32C092KCT6, STM32C092KCU6, STM32C092RBT6, STM32C092RCI6, STM32C092RCT6, STM32G071K8TXN, STM32G071K8UXN, STM32G081GBU6N, STM32G081KBT6N, STM32G081KBUXN, STM32G0B1CCT6N, STM32G0B1KCT6, STM32G0B1NEY6TR, STM32G0B1RCT6N, STM32G0C1CCT6, STM32G0C1CCT6N, STM32G0C1CCU6N, STM32G0C1CET6N, STM32G0C1CEU6N, STM32G0C1KCT6, STM32G0C1NEY6TR, STM32G0C1RCI6N, STM32G0C1RCT6N, STM32G0C1REI6N, STM32G0C1RET6N, STM32G0C1VCI6, STM32G0C1VEI6, STM32G411C6T3, STM32G411C6T6, STM32G411C6U3, STM32G411C6U6, STM32G411C8T3, STM32G411C8T6, STM32G411C8U3, STM32G411C8U6, STM32G411CBT3, STM32G411CBT6, STM32G411CBU3, STM32G411CBU6, STM32G411CCT3, STM32G411CCT6, STM32G411CCU3, STM32G411CCU6, STM32G411K6T3, STM32G411K6T6, STM32G411K6U3, STM32G411K6U6, STM32G411K8T3, STM32G411K8T6, STM32G411K8U3, STM32G411K8U6, STM32G411KBT3, STM32G411KBT6, STM32G411KBU3, STM32G411KBU6, STM32G411M6T3, STM32G411M6T6, STM32G411M8T3, STM32G411M8T6, STM32G411MBT3, STM32G411MBT6, STM32G411MCT3, STM32G411MCT6, STM32G411R6T3, STM32G411R6T6, STM32G411R8T3, STM32G411R8T6, STM32G411RBT3, STM32G411RBT6, STM32G411RCT3, STM32G411RCT6, STM32G414CBT3, STM32G414CBT6, STM32G414CBU3, STM32G414CBU6, STM32G414CCT3, STM32G414CCT6, STM32G414CCU3, STM32G414CCU6, STM32G414MBT3, STM32G414MBT6, STM32G414MCT3, STM32G414MCT6, STM32G414RBT3, STM32G414RBT6, STM32G414RCT3, STM32G414RCT6, STM32G414VBT3, STM32G414VBT6, STM32G414VCT3, STM32G414VCT6, STM32G431CBT3Z, STM32G431RBT3Z, STM32G471CCT6, STM32G471CCU6, STM32G471CET3, STM32G471CET6, STM32G471CEU3, STM32G471CEU6, STM32G471MCT6, STM32G471MET3, STM32G471MET6, STM32G471MEY6TR, STM32G471QCT6, STM32G471QET3, STM32G471RCT6, STM32G471RET3, STM32G471RET6, STM32G471VCH6, STM32G471VCI6, STM32G471VCT6, STM32G471VEH3, STM32G471VEH6, STM32G471VEI3, STM32G471VEI6, STM32G471VET3, STM32G471VET6, STM32G473QET3Z, STM32G473RET3Z, STM32G474CCT6, STM32G491RET3Z, STM32H503CBT6, STM32H503CBU6, STM32H503EBY6TR, STM32H503KBU6, STM32H503RBT6, STM32H523CCT6, STM32H523CCU6, STM32H523CET6, STM32H523CEU6, STM32H523HEY6TR, STM32H523RCT6, STM32H523RET6, STM32H523VCI6, STM32H523VCT6, STM32H523VEI6, STM32H523VET6, STM32H523ZCJ6, STM32H523ZCT6, STM32H523ZEJ6, STM32H523ZET6, STM32H533CET6, STM32H533CEU6, STM32H533HEY6TR, STM32H533RET6, STM32H533VEI6, STM32H533VET6, STM32H533ZEJ6, STM32H533ZET6, STM32H562AGI6, STM32H562AII6, STM32H562IGK6, STM32H562IGT6, STM32H562IIK6, STM32H562IIT6, STM32H562RGT6, STM32H562RGV6, STM32H562RIT6, STM32H562RIV6, STM32H562VGT6, STM32H562VIT6, STM32H562ZGT6, STM32H562ZIT6, STM32H563AGI6, STM32H563AII3Q, STM32H563AII6, STM32H563IGK6, STM32H563IGT6, STM32H563IIK3Q, STM32H563IIK6, STM32H563IIT3Q, STM32H563IIT6, STM32H563MIY3QTR, STM32H563RGT6, STM32H563RGV6, STM32H563RIT6, STM32H563RIV6, STM32H563VGT6, STM32H563VIT3Q, STM32H563VIT6, STM32H563ZGT6, STM32H563ZIT3Q, STM32H563ZIT6, STM32H573AII3Q, STM32H573AII6, STM32H573I-DK, STM32H573IIK3Q, STM32H573IIK6, STM32H573IIT3Q, STM32H573IIT6, STM32H573MIY3QTR, STM32H573RIT6, STM32H573RIV6, STM32H573VIT3Q, STM32H573VIT6, STM32H573ZIT3Q, STM32H573ZIT6, STM32H7R3A8I6, STM32H7R3I8K6, STM32H7R3I8T6, STM32H7R3L8H6, STM32H7R3L8H6H, STM32H7R3R8V6, STM32H7R3V8H6, STM32H7R3V8T6, STM32H7R3V8Y6TR, STM32H7R3Z8J6, STM32H7R3Z8T6, STM32H7R7A8I6, STM32H7R7I8K6, STM32H7R7I8T6, STM32H7R7L8H6, STM32H7R7L8H6H, STM32H7R7Z8J6, STM32H7S3A8I6, STM32H7S3I8K6, STM32H7S3I8T6, STM32H7S3L8H6, STM32H7S3L8H6H, STM32H7S3R8V6, STM32H7S3V8H6, STM32H7S3V8T6, STM32H7S3V8Y6TR, STM32H7S3Z8J6, STM32H7S3Z8T6, STM32H7S78-DK, STM32H7S7A8I6, STM32H7S7I8K6, STM32H7S7I8T6, STM32H7S7L8H6, STM32H7S7L8H6H, STM32H7S7Z8J6, STM32L4R5QGI6STR, STM32MP131AAE3, STM32MP131AAF3, STM32MP131AAG3, STM32MP131CAE3, STM32MP131CAF3, STM32MP131CAG3, STM32MP131DAE7, STM32MP131DAF7, STM32MP131DAG7, STM32MP131FAE7, STM32MP131FAF7, STM32MP131FAG7, STM32MP133AAE3, STM32MP133AAF3, STM32MP133AAG3, STM32MP133CAE3, STM32MP133CAF3, STM32MP133CAG3, STM32MP133DAE7, STM32MP133DAF7, STM32MP133DAG7, STM32MP133FAE7, STM32MP133FAF7, STM32MP133FAG7, STM32MP135AAE3, STM32MP135AAF3, STM32MP135AAG3, STM32MP135CAE3, STM32MP135CAF3, STM32MP135CAG3, STM32MP135DAE7, STM32MP135DAF7, STM32MP135DAG7, STM32MP135F-DK, STM32MP135FAE7, STM32MP135FAF7, STM32MP135FAF7T, STM32MP135FAF7U, STM32MP135FAG7, STM32MP231AAJ3, STM32MP231AAK3, STM32MP231AAL3, STM32MP231CAJ3, STM32MP231CAK3, STM32MP231CAL3, STM32MP231DAJ3, STM32MP231DAK3, STM32MP231DAL3, STM32MP231FAJ3, STM32MP231FAK3, STM32MP231FAL3, STM32MP233AAJ3, STM32MP233AAK3, STM32MP233AAL3, STM32MP233CAJ3, STM32MP233CAK3, STM32MP233CAL3, STM32MP233DAJ3, STM32MP233DAK3, STM32MP233DAL3, STM32MP233FAJ3, STM32MP233FAK3, STM32MP233FAL3, STM32MP235AAJ3, STM32MP235AAK3, STM32MP235AAL3, STM32MP235CAJ3, STM32MP235CAK3, STM32MP235CAL3, STM32MP235DAJ3, STM32MP235DAK3, STM32MP235DAL3, STM32MP235FAJ3, STM32MP235FAK3, STM32MP235FAL3, STM32MP251AAI3, STM32MP251AAJ3, STM32MP251AAK3, STM32MP251AAL3, STM32MP251CAI3, STM32MP251CAJ3, STM32MP251CAK3, STM32MP251CAL3, STM32MP251DAI3, STM32MP251DAJ3, STM32MP251DAK3, STM32MP251DAL3, STM32MP251FAI3, STM32MP251FAJ3, STM32MP251FAK3, STM32MP251FAL3, STM32MP253AAI3, STM32MP253AAJ3, STM32MP253AAK3, STM32MP253AAL3, STM32MP253CAI3, STM32MP253CAJ3, STM32MP253CAK3, STM32MP253CAL3, STM32MP253DAI3, STM32MP253DAJ3, STM32MP253DAK3, STM32MP253DAL3, STM32MP253FAI3, STM32MP253FAJ3, STM32MP253FAK3, STM32MP253FAL3, STM32MP255AAI3, STM32MP255AAJ3, STM32MP255AAK3, STM32MP255AAL3, STM32MP255CAI3, STM32MP255CAJ3, STM32MP255CAK3, STM32MP255CAL3, STM32MP255DAI3, STM32MP255DAJ3, STM32MP255DAK3, STM32MP255DAL3, STM32MP255FAI3, STM32MP255FAJ3, STM32MP255FAK3, STM32MP255FAL3, STM32MP257AAI3, STM32MP257AAJ3, STM32MP257AAK3, STM32MP257AAL3, STM32MP257CAI3, STM32MP257CAJ3, STM32MP257CAK3, STM32MP257CAL3, STM32MP257DAI3, STM32MP257DAJ3, STM32MP257DAK3, STM32MP257DAL3, STM32MP257F-DK, STM32MP257F-EV1, STM32MP257FAI3, STM32MP257FAJ3, STM32MP257FAK3, STM32MP257FAL3, STM32N645A0H3Q, STM32N645B0H3Q, STM32N645I0H3Q, STM32N645L0H3Q, STM32N645X0H3Q, STM32N645Z0H3Q, STM32N647A0H3Q, STM32N647B0H3Q, STM32N647I0H3Q, STM32N647L0H3Q, STM32N647X0H3Q, STM32N647Z0H3Q, STM32N655A0H3Q, STM32N655B0H3Q, STM32N655I0H3Q, STM32N655L0H3Q, STM32N655X0H3Q, STM32N655Z0H3Q, STM32N6570-DK, STM32N657A0H3Q, STM32N657B0H3Q, STM32N657I0H3Q, STM32N657L0H3Q, STM32N657X0H3Q, STM32N657Z0H3Q, STM32U031C6T6, STM32U031C6U6, STM32U031C8T6, STM32U031C8U6, STM32U031F4P6, STM32U031F6P6, STM32U031F8P6, STM32U031G6Y6TR, STM32U031G8Y6TR, STM32U031K4U6, STM32U031K6U6, STM32U031K8U6, STM32U031R6I6, STM32U031R6T6, STM32U031R8I6, STM32U031R8T6, STM32U073C8T6, STM32U073C8U6, STM32U073CBT6, STM32U073CBU6, STM32U073CCT6, STM32U073CCU6, STM32U073H8Y6TR, STM32U073HBY6TR, STM32U073HCY6TR, STM32U073K8U6, STM32U073KBU6, STM32U073KCU6, STM32U073M8I6, STM32U073M8T6, STM32U073MBI6, STM32U073MBT6, STM32U073MCI6, STM32U073MCT6, STM32U073R8I6, STM32U073R8T6, STM32U073RBI6, STM32U073RBT6, STM32U073RCI6, STM32U073RCT6, STM32U083C-DK, STM32U083CCT6, STM32U083CCU6, STM32U083HCY6TR, STM32U083KCU6, STM32U083MCI6, STM32U083MCT6, STM32U083RCI6, STM32U083RCT6, STM32U375CET6, STM32U375CET6Q, STM32U375CEU6, STM32U375CEU6Q, STM32U375CEY6QTR, STM32U375CGT6, STM32U375CGT6Q, STM32U375CGU6, STM32U375CGU6Q, STM32U375CGY6QTR, STM32U375KEU6, STM32U375KGU6, STM32U375REI6, STM32U375REI6Q, STM32U375RET6, STM32U375RET6Q, STM32U375REY6GTR, STM32U375REY6QTR, STM32U375RGI6, STM32U375RGI6Q, STM32U375RGT6, STM32U375RGT6Q, STM32U375RGY6GTR, STM32U375RGY6QTR, STM32U375VEI6, STM32U375VEI6Q, STM32U375VET6, STM32U375VET6Q, STM32U375VGI6, STM32U375VGI6Q, STM32U375VGT6, STM32U375VGT6Q, STM32U385CGT6, STM32U385CGT6Q, STM32U385CGU6, STM32U385CGU6Q, STM32U385CGY6QTR, STM32U385KGU6, STM32U385RGI6, STM32U385RGI6Q, STM32U385RGT6, STM32U385RGT6Q, STM32U385RGY6GTR, STM32U385RGY6QTR, STM32U385VGI6, STM32U385VGI6Q, STM32U385VGT6, STM32U385VGT6Q, STM32U535CBT6, STM32U535CBT6Q, STM32U535CBU6, STM32U535CBU6Q, STM32U535CCT6, STM32U535CCT6Q, STM32U535CCU6, STM32U535CCU6Q, STM32U535CET6, STM32U535CET6Q, STM32U535CEU6, STM32U535CEU6Q, STM32U535JEY6QTR, STM32U535NCY6QTR, STM32U535NEY6QTR, STM32U535RBI6, STM32U535RBI6Q, STM32U535RBT6, STM32U535RBT6Q, STM32U535RCI6, STM32U535RCI6Q, STM32U535RCT6, STM32U535RCT6Q, STM32U535REI6, STM32U535REI6Q, STM32U535RET6, STM32U535RET6Q, STM32U535VCI6, STM32U535VCI6Q, STM32U535VCT6, STM32U535VCT6Q, STM32U535VEI6, STM32U535VEI6Q, STM32U535VET6, STM32U535VET6Q, STM32U545CET6, STM32U545CET6Q, STM32U545CEU6, STM32U545CEU6Q, STM32U545JEY6QTR, STM32U545NEY6QTR, STM32U545REI6, STM32U545REI6Q, STM32U545RET6, STM32U545RET6Q, STM32U545VEI6, STM32U545VEI6Q, STM32U545VET6, STM32U545VET6Q, STM32U595AIH6, STM32U595AIH6Q, STM32U595AJH6, STM32U595AJH6Q, STM32U595QII6, STM32U595QII6Q, STM32U595QJI6, STM32U595QJI6Q, STM32U595RIT6, STM32U595RIT6Q, STM32U595RJT6, STM32U595RJT6Q, STM32U595VIT6, STM32U595VIT6Q, STM32U595VJT6, STM32U595VJT6Q, STM32U595ZIT6, STM32U595ZIT6Q, STM32U595ZIY6QTR, STM32U595ZJT6, STM32U595ZJT6Q, STM32U595ZJY6QTR, STM32U599BJY6QTR, STM32U599NIH6Q, STM32U599NJH6Q, STM32U599VIT6Q, STM32U599VJT6, STM32U599VJT6Q, STM32U599ZIT6Q, STM32U599ZIY6QTR, STM32U599ZJT6Q, STM32U599ZJY6QTR, STM32U5A5AJH6, STM32U5A5AJH6Q, STM32U5A5QII3Q , STM32U5A5QJI6, STM32U5A5QJI6Q, STM32U5A5RJT6, STM32U5A5RJT6Q, STM32U5A5VJT6, STM32U5A5VJT6Q, STM32U5A5ZJT6, STM32U5A5ZJT6Q, STM32U5A5ZJY6QTR, STM32U5A9BJY6QTR, STM32U5A9J-DK, STM32U5A9NJH6Q, STM32U5A9VJT6Q, STM32U5A9ZJT6Q, STM32U5A9ZJY6QTR, STM32U5F7VIT6, STM32U5F7VIT6Q, STM32U5F7VJT6, STM32U5F7VJT6Q, STM32U5F9BJY6QTR, STM32U5F9NJH6Q, STM32U5F9VIT6Q, STM32U5F9VJT6Q, STM32U5F9ZIJ6QTR, STM32U5F9ZIT6Q, STM32U5F9ZJJ6QTR, STM32U5F9ZJT6Q, STM32U5G7VJT6, STM32U5G7VJT6Q, STM32U5G9BJY6QTR, STM32U5G9J-DK1, STM32U5G9J-DK2, STM32U5G9NJH6Q, STM32U5G9VJT6Q, STM32U5G9ZJJ6QTR, STM32U5G9ZJT6Q, STM32WB05KZV6TR, STM32WB05KZV7TR, STM32WB05TZF6TR, STM32WB05TZF7TR, STM32WB06CCF6TR, STM32WB06CCF7TR, STM32WB06CCV6TR, STM32WB06CCV7TR, STM32WB06KCV6TR, STM32WB06KCV7TR, STM32WB07CCF6TR, STM32WB07CCF7TR, STM32WB07CCV6TR, STM32WB07CCV7TR, STM32WB07KCV6TR, STM32WB07KCV7TR, STM32WB09KEV6TR, STM32WB09KEV7TR, STM32WB09TEF6TR, STM32WB09TEF7TR, STM32WB1MMCH6, STM32WBA50KGU6, STM32WBA50KGU6TR, STM32WBA52CEU6, STM32WBA52CEU6TR, STM32WBA52CEU7, STM32WBA52CEU7TR, STM32WBA52CGU6, STM32WBA52CGU6TR, STM32WBA52CGU6U, STM32WBA52CGU7, STM32WBA52CGU7TR, STM32WBA52KEU6, STM32WBA52KEU6TR, STM32WBA52KGU6, STM32WBA52KGU6TR, STM32WBA54CEU6, STM32WBA54CEU6TR, STM32WBA54CEU7, STM32WBA54CEU7TR, STM32WBA54CGU6, STM32WBA54CGU6TR, STM32WBA54CGU7, STM32WBA54CGU7TR, STM32WBA54KEU6, STM32WBA54KEU6TR, STM32WBA54KEU7, STM32WBA54KEU7TR, STM32WBA54KGU6, STM32WBA54KGU6TR, STM32WBA54KGU7, STM32WBA54KGU7TR, STM32WBA55CEU6, STM32WBA55CEU6TR, STM32WBA55CEU7, STM32WBA55CEU7TR, STM32WBA55CGU6, STM32WBA55CGU6TR, STM32WBA55CGU6U, STM32WBA55CGU7, STM32WBA55CGU7TR, STM32WBA55G-DK1, STM32WBA55HEF6, STM32WBA55HEF7, STM32WBA55HGF6, STM32WBA55HGF7, STM32WBA55UEI6, STM32WBA55UEI6TR, STM32WBA55UEI7, STM32WBA55UEI7TR, STM32WBA55UGI6, STM32WBA55UGI6TR, STM32WBA55UGI7, STM32WBA55UGI7TR, STM32WBA5MJGH6TR, STM32WBA5MJGH6U, STM32WL33C8V6, STM32WL33C8V6TR, STM32WL33C8V7, STM32WL33C8V7TR, STM32WL33CBV6, STM32WL33CBV6TR, STM32WL33CBV7, STM32WL33CBV7TR, STM32WL33CCV6, STM32WL33CCV6TR, STM32WL33CCV7, STM32WL33CCV7A, STM32WL33CCV7ATR, STM32WL33CCV7TR, STM32WL33K8V6, STM32WL33K8V6TR, STM32WL33K8V7, STM32WL33K8V7TR, STM32WL33KBV6, STM32WL33KBV6TR, STM32WL33KBV7, STM32WL33KBV7TR, STM32WL33KCV6, STM32WL33KCV6TR, STM32WL33KCV7, STM32WL33KCV7TR, STM32WL5MOCH6, STM32WL5MOCH6TR]
2025-06-27 16:48:36,684 [INFO] DbMcus:218 - Found 4674 MCUs, 4674 are supported
2025-06-27 16:48:36,695 [INFO] ApiDb:423 - Load user favorites file C:\Users\Santiago/.stm32cubeide/favorites.mcus.txt: 0 item(s)
2025-06-27 16:48:36,696 [INFO] ApiDb:427 - User favorites MCUs=[]
2025-06-27 16:48:36,696 [INFO] DbMcus:224 - Set 0 / 0 favorites MCUs
2025-06-27 16:48:37,710 [INFO] ApiDb:423 - Load user favorites file C:\Users\Santiago/.stm32cubeide/favorites.boards.txt: 0 item(s)
2025-06-27 16:48:37,710 [INFO] ApiDb:427 - User favorites Boards=[]
2025-06-27 16:48:37,710 [INFO] DbBoards:198 - Set 0 / 0 favorites Boards
2025-06-27 16:48:37,711 [INFO] McuFinderGlobals:76 - Set McuFinderConnectedMode to true
2025-06-27 16:48:37,720 [INFO] MultiScanPanel:200 - Auto-refresh data requested => check proxy status ongoing
2025-06-27 16:48:37,725 [INFO] FinderPluginLoader:95 - Searching for filters in installed packs
2025-06-27 16:48:40,720 [INFO] LoadUrlFilesThread:185 - End of LoadServerUrlFiles without Thread
2025-06-27 16:48:40,842 [INFO] DetailPanel:341 - Set advertising image to C:/Users/Santiago/STM32Cube/Repository/\en.cubemxfinderstm32wba6.jpg
2025-06-27 16:48:56,106 [INFO] McuFinderGlobals:76 - Set McuFinderConnectedMode to true
2025-06-27 16:48:58,484 [INFO] ApiDb:448 - Save user favorites file C:\Users\Santiago/.stm32cubeide/favorites.mcus.txt: 0 item(s)
2025-06-27 16:48:58,485 [INFO] ApiDb:452 - User favorites MCUs=[]
2025-06-27 16:48:59,764 [ERROR] LogOutputStream:75 - [STDERR_REDIRECT] Exception in thread "AWT-EventQueue-0" java.lang.NullPointerException: Cannot invoke "com.st.stm32cube.common.mx.targetselector.IdeMcuFinder.cleanUp(boolean)" because "this.this$0.mcuFinder" is null
2025-06-27 16:48:59,769 [ERROR] LogOutputStream:75 - [STDERR_REDIRECT] 	at com.st.stm32cube.common.mx.targetselector.TargetSelectorAdapter$7.run(TargetSelectorAdapter.java:353)
2025-06-27 16:48:59,774 [ERROR] LogOutputStream:75 - [STDERR_REDIRECT] 	at com.st.stm32cube.common.mx.oss.core.awtswtbridge.AwtEnvironment$2.run(AwtEnvironment.java:166)
2025-06-27 16:48:59,780 [ERROR] LogOutputStream:75 - [STDERR_REDIRECT] 	at java.desktop/java.awt.event.InvocationEvent.dispatch(InvocationEvent.java:318)
2025-06-27 16:48:59,784 [ERROR] LogOutputStream:75 - [STDERR_REDIRECT] 	at java.desktop/java.awt.EventQueue.dispatchEventImpl(EventQueue.java:773)
2025-06-27 16:48:59,790 [ERROR] LogOutputStream:75 - [STDERR_REDIRECT] 	at java.desktop/java.awt.EventQueue$4.run(EventQueue.java:720)
2025-06-27 16:48:59,793 [ERROR] LogOutputStream:75 - [STDERR_REDIRECT] 	at java.desktop/java.awt.EventQueue$4.run(EventQueue.java:714)
2025-06-27 16:48:59,796 [ERROR] LogOutputStream:75 - [STDERR_REDIRECT] 	at java.base/java.security.AccessController.doPrivileged(AccessController.java:400)
2025-06-27 16:48:59,802 [ERROR] LogOutputStream:75 - [STDERR_REDIRECT] 	at java.base/java.security.ProtectionDomain$JavaSecurityAccessImpl.doIntersectionPrivilege(ProtectionDomain.java:87)
2025-06-27 16:48:59,810 [ERROR] LogOutputStream:75 - [STDERR_REDIRECT] 	at java.desktop/java.awt.EventQueue.dispatchEvent(EventQueue.java:742)
2025-06-27 16:48:59,817 [ERROR] LogOutputStream:75 - [STDERR_REDIRECT] 	at java.desktop/java.awt.EventDispatchThread.pumpOneEventForFilters(EventDispatchThread.java:203)
2025-06-27 16:48:59,819 [ERROR] LogOutputStream:75 - [STDERR_REDIRECT] 	at java.desktop/java.awt.EventDispatchThread.pumpEventsForFilter(EventDispatchThread.java:124)
2025-06-27 16:48:59,824 [ERROR] LogOutputStream:75 - [STDERR_REDIRECT] 	at java.desktop/java.awt.EventDispatchThread.pumpEventsForHierarchy(EventDispatchThread.java:113)
2025-06-27 16:48:59,827 [ERROR] LogOutputStream:75 - [STDERR_REDIRECT] 	at java.desktop/java.awt.EventDispatchThread.pumpEvents(EventDispatchThread.java:109)
2025-06-27 16:48:59,829 [ERROR] LogOutputStream:75 - [STDERR_REDIRECT] 	at java.desktop/java.awt.EventDispatchThread.pumpEvents(EventDispatchThread.java:101)
2025-06-27 16:48:59,841 [ERROR] LogOutputStream:75 - [STDERR_REDIRECT] 	at java.desktop/java.awt.EventDispatchThread.run(EventDispatchThread.java:90)
2025-06-27 17:23:08,017 [INFO] MainUpdater:2872 - connection check result : 10
2025-06-27 17:23:08,017 [INFO] MainUpdater:2872 - connection check result : 10
2025-06-27 17:23:08,130 [INFO] MicroXplorer:468 - Change Database Path : 
2025-06-27 17:23:08,130 [INFO] MicroXplorer:498 - Change Database Version : DB.6.0.130
2025-06-27 17:23:08,154 [WARN] ThirdParty:871 - waiting for thirdparty lock release [close project]
2025-06-27 17:23:08,154 [INFO] ThirdParty:873 - entering critical section [close project]
2025-06-27 17:23:08,166 [INFO] ThirdParty:883 - exiting critical section [close project]
2025-06-27 17:23:08,183 [INFO] PinOutPanel:1589 - setPackage(No Configuration,No Configuration)
2025-06-27 17:23:08,231 [INFO] UtilMem:75 - Begin LoadConfig() Used Memory: 861538280 Bytes (1073741824)
2025-06-27 17:23:08,237 [INFO] MicroXplorer:468 - Change Database Path : 
2025-06-27 17:23:08,237 [INFO] MicroXplorer:498 - Change Database Version : DB.6.0.130
2025-06-27 17:23:08,239 [INFO] OpenFileManager:332 - Change cursor
2025-06-27 17:23:08,464 [INFO] Mcu:2035 - Initializing MCU STM32F103R(8-B)Tx STM32F103RBTx STM32F103RBT6
2025-06-27 17:23:11,166 [INFO] Context:748 - Trying to add GPIOservice into a context  which must be forbidden
2025-06-27 17:23:12,230 [INFO] RtosManager:555 - Registered RTOS mode: class=CMSIS, group=RTOS, mode=CMSIS_V1, owner=FREERTOS
2025-06-27 17:23:12,230 [INFO] RtosManager:555 - Registered RTOS mode: class=CMSIS, group=RTOS2, mode=CMSIS_V2, owner=FREERTOS
2025-06-27 17:23:12,230 [INFO] RtosManager:555 - Registered RTOS mode: class=RTOS, group=Core, mode=CMSIS_V1, owner=FREERTOS
2025-06-27 17:23:12,231 [INFO] RtosManager:555 - Registered RTOS mode: class=RTOS, group=Core, mode=CMSIS_V2, owner=FREERTOS
2025-06-27 17:23:12,231 [WARN] ModelIntegratedComponent:184 - Missing modes for component STMicroelectronics:FreeRTOS:0.0.1:STMicroelectronics:RTOS:FreeRTOS:Core:::10.2.0:
2025-06-27 17:23:12,292 [WARN] ModelIntegratedComponent:63 - No mode defined for component null
2025-06-27 17:23:12,293 [WARN] ModelIntegratedComponent:63 - No mode defined for component null
2025-06-27 17:23:12,293 [WARN] ModelIntegratedComponent:63 - No mode defined for component null
2025-06-27 17:23:12,293 [WARN] ModelIntegratedComponent:63 - No mode defined for component null
2025-06-27 17:23:12,293 [WARN] ModelIntegratedComponent:63 - No mode defined for component null
2025-06-27 17:23:12,293 [WARN] ModelIntegratedComponent:63 - No mode defined for component null
2025-06-27 17:23:12,294 [WARN] ModelIntegratedComponent:63 - No mode defined for component null
2025-06-27 17:23:12,294 [WARN] ModelIntegratedComponent:63 - No mode defined for component null
2025-06-27 17:23:12,294 [WARN] ModelIntegratedComponent:63 - No mode defined for component null
2025-06-27 17:23:12,294 [WARN] ModelIntegratedComponent:63 - No mode defined for component null
2025-06-27 17:23:12,294 [WARN] ModelIntegratedComponent:63 - No mode defined for component null
2025-06-27 17:23:12,294 [WARN] ModelIntegratedComponent:63 - No mode defined for component null
2025-06-27 17:23:12,295 [WARN] ModelIntegratedComponent:63 - No mode defined for component null
2025-06-27 17:23:12,295 [WARN] ModelIntegratedComponent:63 - No mode defined for component null
2025-06-27 17:23:12,295 [WARN] ModelIntegratedComponent:63 - No mode defined for component null
2025-06-27 17:23:12,295 [WARN] ModelIntegratedComponent:63 - No mode defined for component null
2025-06-27 17:23:12,296 [WARN] ModelIntegratedComponent:63 - No mode defined for component null
2025-06-27 17:23:12,296 [WARN] ModelIntegratedComponent:63 - No mode defined for component null
2025-06-27 17:23:12,296 [WARN] ModelIntegratedComponent:63 - No mode defined for component null
2025-06-27 17:23:12,297 [WARN] ModelIntegratedComponent:63 - No mode defined for component null
2025-06-27 17:23:12,297 [WARN] ModelIntegratedComponent:63 - No mode defined for component null
2025-06-27 17:23:12,297 [WARN] ModelIntegratedComponent:63 - No mode defined for component null
2025-06-27 17:23:12,297 [WARN] ModelIntegratedComponent:63 - No mode defined for component null
2025-06-27 17:23:12,297 [WARN] ModelIntegratedComponent:63 - No mode defined for component null
2025-06-27 17:23:12,297 [WARN] ModelIntegratedComponent:63 - No mode defined for component null
2025-06-27 17:23:12,297 [WARN] ModelIntegratedComponent:63 - No mode defined for component null
2025-06-27 17:23:12,298 [WARN] ModelIntegratedComponent:63 - No mode defined for component null
2025-06-27 17:23:12,298 [WARN] ModelIntegratedComponent:63 - No mode defined for component null
2025-06-27 17:23:12,298 [WARN] ModelIntegratedComponent:63 - No mode defined for component null
2025-06-27 17:23:12,298 [WARN] ModelIntegratedComponent:63 - No mode defined for component null
2025-06-27 17:23:12,298 [WARN] ModelIntegratedComponent:63 - No mode defined for component null
2025-06-27 17:23:12,298 [WARN] ModelIntegratedComponent:63 - No mode defined for component null
2025-06-27 17:23:12,298 [WARN] ModelIntegratedComponent:63 - No mode defined for component null
2025-06-27 17:23:12,299 [WARN] ModelIntegratedComponent:63 - No mode defined for component null
2025-06-27 17:23:12,299 [WARN] ModelIntegratedComponent:63 - No mode defined for component null
2025-06-27 17:23:12,299 [WARN] ModelPack:524 - Component already loaded: STMicroelectronics:HAL Drivers:0.0.0:STMicroelectronics:Device:STMicro_Driver:XSPI:HAL::0.0.1:HAL_XSPI
2025-06-27 17:23:12,574 [INFO] ThirdPartyModel:298 - Start build external matchings
2025-06-27 17:23:13,976 [INFO] ThirdPartyModel:316 - End build external matchings
2025-06-27 17:23:14,050 [INFO] ImportTextPane:218 - (OptionalMessage_ERROR) IP (RCC) : Parameter (ADCFreqValue) has invalid value (32000000)
2025-06-27 17:23:14,050 [INFO] ImportTextPane:218 - (OptionalMessage_ERROR) IP (RCC) : Invalid parameter (FamilyName)
2025-06-27 17:23:14,051 [INFO] ImportTextPane:218 - (OptionalMessage_ERROR) IP (RCC) : Parameter (MCOFreq_Value) has invalid value (64000000)
2025-06-27 17:23:14,051 [INFO] ImportTextPane:218 - (OptionalMessage_ERROR) IP (RCC) : Parameter (USBFreq_Value) has invalid value (64000000)
2025-06-27 17:23:14,530 [INFO] UtilMem:75 - End LoadConfig() Used Memory: 635511648 Bytes (1073741824)
2025-06-27 17:23:15,210 [WARN] ThirdParty:833 - waiting for thirdparty lock release [change project]
2025-06-27 17:23:15,210 [INFO] ThirdParty:835 - entering critical section [change project]
2025-06-27 17:23:15,211 [INFO] ThirdParty:1030 - CMSIS Pack Vendor :STMicroelectronics X-CUBE-PM33A1 1.0.0
2025-06-27 17:23:15,211 [INFO] ThirdParty:1030 - CMSIS Pack Vendor :STMicroelectronics USBPD 4.1
2025-06-27 17:23:15,211 [INFO] ThirdParty:1030 - CMSIS Pack Vendor :STMicroelectronics X-CUBE-AZRTOS-H7 3.3.0
2025-06-27 17:23:15,211 [INFO] ThirdParty:1030 - CMSIS Pack Vendor :STMicroelectronics X-CUBE-NFC9 1.0.0
2025-06-27 17:23:15,211 [INFO] ThirdParty:1030 - CMSIS Pack Vendor :STMicroelectronics USB_HOST 2.0.0
2025-06-27 17:23:15,211 [INFO] ThirdParty:1030 - CMSIS Pack Vendor :STMicroelectronics FP-SNS-MOTENVWB1 1.4.0
2025-06-27 17:23:15,211 [INFO] ThirdParty:1030 - CMSIS Pack Vendor :STMicroelectronics X-CUBE-AZRTOS-F4 1.1.0
2025-06-27 17:23:15,212 [INFO] ThirdParty:1030 - CMSIS Pack Vendor :STMicroelectronics LIBJPEG 8.0.0
2025-06-27 17:23:15,212 [INFO] ThirdParty:1030 - CMSIS Pack Vendor :STMicroelectronics FP-ATR-ASTRA1 2.0.2
2025-06-27 17:23:15,212 [INFO] ThirdParty:1030 - CMSIS Pack Vendor :STMicroelectronics X-CUBE-BLE1 7.1.0
2025-06-27 17:23:15,212 [INFO] ThirdParty:1030 - CMSIS Pack Vendor :Avnet-IotConnect X-CUBE-IoTC-DA16k-PMOD 1.0.0
2025-06-27 17:23:15,212 [INFO] ThirdParty:1030 - CMSIS Pack Vendor :STMicroelectronics X-CUBE-SMBUS 2.1.0
2025-06-27 17:23:15,212 [INFO] ThirdParty:1030 - CMSIS Pack Vendor :STMicroelectronics X-CUBE-WB05N 1.1.0
2025-06-27 17:23:15,212 [INFO] ThirdParty:1030 - CMSIS Pack Vendor :wolfSSL I-CUBE-wolfMQTT 1.19.2
2025-06-27 17:23:15,212 [INFO] ThirdParty:1030 - CMSIS Pack Vendor :STMicroelectronics USB_DEVICE 3.0.0
2025-06-27 17:23:15,213 [INFO] ThirdParty:1030 - CMSIS Pack Vendor :STMicroelectronics X-CUBE-ISPU 2.1.0
2025-06-27 17:23:15,213 [INFO] ThirdParty:1030 - CMSIS Pack Vendor :STMicroelectronics X-CUBE-AZRTOS-WB 2.0.0
2025-06-27 17:23:15,213 [INFO] ThirdParty:1030 - CMSIS Pack Vendor :STMicroelectronics X-CUBE-ST60 1.0.0
2025-06-27 17:23:15,213 [INFO] ThirdParty:1030 - CMSIS Pack Vendor :STMicroelectronics X-CUBE-GNSS1 7.0.1
2025-06-27 17:23:15,213 [INFO] ThirdParty:1030 - CMSIS Pack Vendor :STMicroelectronics X-CUBE-AZRTOS-F7 1.1.0
2025-06-27 17:23:15,213 [INFO] ThirdParty:1030 - CMSIS Pack Vendor :STMicroelectronics X-CUBE-AZRTOS-L5 2.0.0
2025-06-27 17:23:15,213 [INFO] ThirdParty:1030 - CMSIS Pack Vendor :STMicroelectronics X-CUBE-TOUCHGFX 4.25.0
2025-06-27 17:23:15,213 [INFO] ThirdParty:1030 - CMSIS Pack Vendor :STMicroelectronics USB_DEVICE 2.0.0
2025-06-27 17:23:15,213 [INFO] ThirdParty:1030 - CMSIS Pack Vendor :STMicroelectronics X-CUBE-NFC6 3.1.0
2025-06-27 17:23:15,214 [INFO] ThirdParty:1030 - CMSIS Pack Vendor :STMicroelectronics X-CUBE-AI 10.1.0
2025-06-27 17:23:15,214 [INFO] ThirdParty:1030 - CMSIS Pack Vendor :STMicroelectronics FP-SNS-STBOX1 2.0.0
2025-06-27 17:23:15,214 [INFO] ThirdParty:1030 - CMSIS Pack Vendor :STMicroelectronics X-CUBE-MEMS1 11.2.0
2025-06-27 17:23:15,214 [INFO] ThirdParty:1030 - CMSIS Pack Vendor :STMicroelectronics FreeRTOS 0.0.1
2025-06-27 17:23:15,215 [INFO] ThirdParty:1030 - CMSIS Pack Vendor :STMicroelectronics X-CUBE-AZRTOS-G0 1.1.0
2025-06-27 17:23:15,215 [INFO] ThirdParty:1030 - CMSIS Pack Vendor :STMicroelectronics X-CUBE-SAFEA1 1.2.2
2025-06-27 17:23:15,215 [INFO] ThirdParty:1030 - CMSIS Pack Vendor :STMicroelectronics X-CUBE-NFC4 3.0.0
2025-06-27 17:23:15,215 [INFO] ThirdParty:1030 - CMSIS Pack Vendor :STMicroelectronics X-CUBE-DPower 1.2.0
2025-06-27 17:23:15,215 [INFO] ThirdParty:1030 - CMSIS Pack Vendor :STMicroelectronics X-CUBE-SUBG2 5.0.0
2025-06-27 17:23:15,215 [INFO] ThirdParty:1030 - CMSIS Pack Vendor :STMicroelectronics X-CUBE-AZRTOS-H7RS 1.1.0
2025-06-27 17:23:15,216 [INFO] ThirdParty:1030 - CMSIS Pack Vendor :STMicroelectronics STM32_WPAN 1.0.0
2025-06-27 17:23:15,216 [INFO] ThirdParty:1030 - CMSIS Pack Vendor :EmbeddedOffice I-CUBE-FS-RTOS 1.0.1
2025-06-27 17:23:15,216 [INFO] ThirdParty:1030 - CMSIS Pack Vendor :STMicroelectronics lwIP 2.0.3
2025-06-27 17:23:15,216 [INFO] ThirdParty:1030 - CMSIS Pack Vendor :Cesanta I-CUBE-Mongoose 7.13.0
2025-06-27 17:23:15,216 [INFO] ThirdParty:1030 - CMSIS Pack Vendor :STMicroelectronics USB_HOST 1.0.0
2025-06-27 17:23:15,216 [INFO] ThirdParty:1030 - CMSIS Pack Vendor :Infineon AIROC-Wi-Fi-Bluetooth-STM32 1.7.0
2025-06-27 17:23:15,217 [INFO] ThirdParty:1030 - CMSIS Pack Vendor :STMicroelectronics X-CUBE-AZRTOS-G4 2.0.0
2025-06-27 17:23:15,217 [INFO] ThirdParty:1030 - CMSIS Pack Vendor :STMicroelectronics X-CUBE-WB05N 2.0.0
2025-06-27 17:23:15,217 [INFO] ThirdParty:1030 - CMSIS Pack Vendor :STMicroelectronics PDM2PCM 3.1.0
2025-06-27 17:23:15,217 [INFO] ThirdParty:1030 - CMSIS Pack Vendor :STMicroelectronics PDM2PCM 3.3.0
2025-06-27 17:23:15,217 [INFO] ThirdParty:1030 - CMSIS Pack Vendor :wolfSSL I-CUBE-wolfTPM 3.8.0
2025-06-27 17:23:15,217 [INFO] ThirdParty:1030 - CMSIS Pack Vendor :STMicroelectronics X-CUBE-DISPLAY 3.0.0
2025-06-27 17:23:15,218 [INFO] ThirdParty:1030 - CMSIS Pack Vendor :wolfSSL I-CUBE-wolfSSH 1.4.20
2025-06-27 17:23:15,218 [INFO] ThirdParty:1030 - CMSIS Pack Vendor :STMicroelectronics X-CUBE-NFC7 2.0.0
2025-06-27 17:23:15,218 [INFO] ThirdParty:1030 - CMSIS Pack Vendor :STMicroelectronics X-CUBE-TCPP 4.2.0
2025-06-27 17:23:15,218 [INFO] ThirdParty:1030 - CMSIS Pack Vendor :RealThread X-CUBE-RT-Thread_Nano 4.1.1
2025-06-27 17:23:15,218 [INFO] ThirdParty:1030 - CMSIS Pack Vendor :STMicroelectronics FP-ATR-SIGFOX1 3.2.0
2025-06-27 17:23:15,219 [INFO] ThirdParty:1030 - CMSIS Pack Vendor :STMicroelectronics X-CUBE-NFC10 1.0.0
2025-06-27 17:23:15,219 [INFO] ThirdParty:1030 - CMSIS Pack Vendor :STMicroelectronics X-CUBE-BLEMGR 4.0.0
2025-06-27 17:23:15,219 [INFO] ThirdParty:1030 - CMSIS Pack Vendor :STMicroelectronics X-CUBE-EEPRMA1 5.1.0
2025-06-27 17:23:15,219 [INFO] ThirdParty:1030 - CMSIS Pack Vendor :STMicroelectronics X-CUBE-FREERTOS 1.3.1
2025-06-27 17:23:15,219 [INFO] ThirdParty:1030 - CMSIS Pack Vendor :STMicroelectronics HAL Drivers 0.0.0
2025-06-27 17:23:15,220 [INFO] ThirdParty:1030 - CMSIS Pack Vendor :STMicroelectronics MBEDTLS 2.16.2
2025-06-27 17:23:15,220 [INFO] ThirdParty:1030 - CMSIS Pack Vendor :STMicroelectronics X-CUBE-IPS 3.1.0
2025-06-27 17:23:15,220 [INFO] ThirdParty:1030 - CMSIS Pack Vendor :STMicroelectronics X-CUBE-ALS 1.0.2
2025-06-27 17:23:15,220 [INFO] ThirdParty:1030 - CMSIS Pack Vendor :emotas I-CUBE-CANOPEN 1.3.0
2025-06-27 17:23:15,220 [INFO] ThirdParty:1030 - CMSIS Pack Vendor :STMicroelectronics X-CUBE-FREERTOS 1.3.0
2025-06-27 17:23:15,220 [INFO] ThirdParty:1030 - CMSIS Pack Vendor :STMicroelectronics X-CUBE-NFC7 1.0.1
2025-06-27 17:23:15,221 [INFO] ThirdParty:1030 - CMSIS Pack Vendor :STMicroelectronics MBEDTLS 2.14.1
2025-06-27 17:23:15,221 [INFO] ThirdParty:1030 - CMSIS Pack Vendor :wolfSSL I-CUBE-wolfSSL 5.7.6
2025-06-27 17:23:15,222 [INFO] ThirdParty:1030 - CMSIS Pack Vendor :ITTIA_DB I-CUBE-ITTIADB 8.9.0
2025-06-27 17:23:15,222 [INFO] ThirdParty:1030 - CMSIS Pack Vendor :portGmbH I-Cube-SoM-uGOAL 1.1.0
2025-06-27 17:23:15,222 [INFO] ThirdParty:1030 - CMSIS Pack Vendor :quantropi X-CUBE-qispace-sdk-base 2.0.0
2025-06-27 17:23:15,223 [INFO] ThirdParty:1030 - CMSIS Pack Vendor :STMicroelectronics X-CUBE-AI 10.0.0
2025-06-27 17:23:15,223 [INFO] ThirdParty:1030 - CMSIS Pack Vendor :STMicroelectronics X-CUBE-ST67W61 1.0.0
2025-06-27 17:23:15,223 [INFO] ThirdParty:1030 - CMSIS Pack Vendor :STMicroelectronics FP-SNS-STAIOTCFT 1.0.0
2025-06-27 17:23:15,225 [INFO] ThirdParty:1030 - CMSIS Pack Vendor :STMicroelectronics ThreadX 1.0.0
2025-06-27 17:23:15,226 [INFO] ThirdParty:1030 - CMSIS Pack Vendor :STMicroelectronics FP-SNS-SMARTAG2 1.2.0
2025-06-27 17:23:15,226 [INFO] ThirdParty:1030 - CMSIS Pack Vendor :STMicroelectronics FP-SNS-FLIGHT1 5.1.0
2025-06-27 17:23:15,226 [INFO] ThirdParty:1030 - CMSIS Pack Vendor :STMicroelectronics X-CUBE-MEMS1 11.1.0
2025-06-27 17:23:15,227 [INFO] ThirdParty:1030 - CMSIS Pack Vendor :STMicroelectronics X-CUBE-AZRTOS-WL 2.0.0
2025-06-27 17:23:15,227 [INFO] ThirdParty:1030 - CMSIS Pack Vendor :SEGGER I-CUBE-embOS 1.3.1
2025-06-27 17:23:15,228 [INFO] ThirdParty:1030 - CMSIS Pack Vendor :STMicroelectronics X-CUBE-ALGOBUILD 1.4.0
2025-06-27 17:23:15,228 [INFO] ThirdParty:1030 - CMSIS Pack Vendor :STMicroelectronics X-CUBE-DPower 1.3.0
2025-06-27 17:23:15,228 [INFO] ThirdParty:1030 - CMSIS Pack Vendor :STMicroelectronics X-CUBE-MEMS1 11.3.0
2025-06-27 17:23:15,228 [INFO] ThirdParty:1030 - CMSIS Pack Vendor :STMicroelectronics FP-SNS-MOTENV1 5.0.0
2025-06-27 17:23:15,229 [INFO] ThirdParty:1030 - CMSIS Pack Vendor :STMicroelectronics USB_DEVICE 1.0.0
2025-06-27 17:23:15,229 [INFO] ThirdParty:1030 - CMSIS Pack Vendor :STMicroelectronics X-CUBE-AZRTOS-L4 2.0.0
2025-06-27 17:23:15,229 [INFO] ThirdParty:1030 - CMSIS Pack Vendor :STMicroelectronics ThreadX 0.0.2
2025-06-27 17:23:15,229 [INFO] ThirdParty:1030 - CMSIS Pack Vendor :WES I-CUBE-Cesium 1.3.0
2025-06-27 17:23:15,230 [INFO] ThirdParty:1030 - CMSIS Pack Vendor :STMicroelectronics lwIP 2.1.2
2025-06-27 17:23:15,230 [INFO] ThirdParty:1030 - CMSIS Pack Vendor :STMicroelectronics X-CUBE-SFXS2LP1 4.0.0
2025-06-27 17:23:15,230 [INFO] ThirdParty:1030 - CMSIS Pack Vendor :STMicroelectronics X-CUBE-BLE2 3.3.0
2025-06-27 17:23:15,230 [INFO] ThirdParty:1030 - CMSIS Pack Vendor :STMicroelectronics X-CUBE-TOF1 3.4.2
2025-06-27 17:23:15,230 [INFO] ThirdParty:1030 - CMSIS Pack Vendor :STMicroelectronics X-CUBE-TOF1 3.4.3
2025-06-27 17:23:15,230 [INFO] ThirdParty:1030 - CMSIS Pack Vendor :STMicroelectronics PDM2PCM 3.2.0
2025-06-27 17:23:15,231 [INFO] ThirdParty:841 - exiting critical section [change project]
2025-06-27 17:23:16,078 [INFO] PinOutPanel:1589 - setPackage(No Configuration,No Configuration)
2025-06-27 17:23:16,082 [INFO] PinOutPanel:1589 - setPackage(STM32F103RBTx,LQFP64)
2025-06-27 17:23:17,165 [INFO] UtilMem:75 - Before build in PCC Used Memory: 644536328 Bytes (1073741824)
2025-06-27 17:23:19,753 [INFO] UtilMem:75 - After build in PCC Used Memory: 724894296 Bytes (1073741824)
2025-06-27 17:23:19,837 [INFO] IPUIPlugin:80 - create IPUIPlugin
2025-06-27 17:23:19,837 [INFO] IPUIPlugin:80 - create IPUIPlugin
2025-06-27 17:23:19,838 [INFO] IPUIPlugin:80 - create IPUIPlugin
2025-06-27 17:23:19,838 [INFO] IPUIPlugin:80 - create IPUIPlugin
2025-06-27 17:23:19,839 [INFO] IPUIPlugin:80 - create IPUIPlugin
2025-06-27 17:23:19,840 [INFO] IPUIPlugin:80 - create IPUIPlugin
2025-06-27 17:23:19,842 [INFO] IPUIPlugin:80 - create IPUIPlugin
2025-06-27 17:23:19,842 [INFO] IPUIPlugin:80 - create IPUIPlugin
2025-06-27 17:23:19,844 [INFO] IPUIPlugin:80 - create IPUIPlugin
2025-06-27 17:23:19,844 [INFO] IPUIPlugin:80 - create IPUIPlugin
2025-06-27 17:23:19,845 [INFO] IPUIPlugin:80 - create IPUIPlugin
2025-06-27 17:23:19,845 [INFO] IPUIPlugin:80 - create IPUIPlugin
2025-06-27 17:23:19,845 [INFO] IPUIPlugin:80 - create IPUIPlugin
2025-06-27 17:23:19,846 [INFO] IPUIPlugin:80 - create IPUIPlugin
2025-06-27 17:23:19,846 [INFO] IPUIPlugin:80 - create IPUIPlugin
2025-06-27 17:23:19,847 [INFO] IPUIPlugin:80 - create IPUIPlugin
2025-06-27 17:23:19,847 [INFO] IPUIPlugin:80 - create IPUIPlugin
2025-06-27 17:23:19,848 [INFO] IPUIPlugin:80 - create IPUIPlugin
2025-06-27 17:23:19,848 [INFO] IPUIPlugin:80 - create IPUIPlugin
2025-06-27 17:23:19,849 [INFO] IPUIPlugin:80 - create IPUIPlugin
2025-06-27 17:23:19,849 [INFO] IPUIPlugin:80 - create IPUIPlugin
2025-06-27 17:23:19,850 [INFO] IPUIPlugin:80 - create IPUIPlugin
2025-06-27 17:23:19,850 [INFO] IPUIPlugin:80 - create IPUIPlugin
2025-06-27 17:23:19,851 [INFO] IPUIPlugin:80 - create IPUIPlugin
2025-06-27 17:23:19,852 [INFO] IPUIPlugin:80 - create IPUIPlugin
2025-06-27 17:23:19,853 [INFO] IPUIPlugin:80 - create IPUIPlugin
2025-06-27 17:23:19,853 [INFO] IPUIPlugin:80 - create IPUIPlugin
2025-06-27 17:23:20,326 [INFO] CADModel:165 - CPN selected for project levelSTM32F103RBT6
2025-06-27 17:23:20,326 [INFO] CADModel:114 - Register for checkConnection events
2025-06-27 17:23:20,422 [INFO] OpenFileManager:363 - Restore cursor
2025-06-27 17:40:03,129 [INFO] Gpio:277 - dependency for GPIO [RCC, SYS, USART2]
2025-06-27 17:49:16,906 [INFO] UtilMem:75 - End SaveConfig() Used Memory: 789866360 Bytes (1073741824)
2025-06-27 17:49:18,588 [INFO] UtilMem:75 - End SaveConfig() Used Memory: 806540528 Bytes (1073741824)
2025-06-27 17:49:27,426 [INFO] UtilMem:75 - End SaveConfig() Used Memory: 884135152 Bytes (1073741824)
2025-06-27 17:49:29,583 [INFO] BlockDiagram:2766 - set Specific Code input for plugin: NVIC
2025-06-27 17:49:29,584 [INFO] BlockDiagram:2766 - set Specific Code input for plugin: USART
2025-06-27 17:49:29,584 [INFO] BlockDiagram:2766 - set Specific Code input for plugin: SYS
2025-06-27 17:49:29,585 [INFO] BlockDiagram:2766 - set Specific Code input for plugin: GPIO
2025-06-27 17:49:29,586 [INFO] BlockDiagram:2766 - set Specific Code input for plugin: RCC
2025-06-27 17:49:29,589 [INFO] CodeGenerator:896 - code generatio: config db path: C:\ST\STM32CubeIDE_1.17.0\STM32CubeIDE\plugins\com.st.stm32cube.common.mx_6.13.0.202411220809\\db\
2025-06-27 17:49:30,405 [INFO] CodeEngine:255 - oldGeneratedFile, C:\Users\Santiago\Desktop\facu\2025c1\TPF_TDSE\Pruebas_workspace\Teclado\MXTmpFiles\license.tmp_save
2025-06-27 17:49:31,309 [INFO] CodeEngine:279 - Generated code: C:\Users\Santiago\Desktop\facu\2025c1\TPF_TDSE\Pruebas_workspace\Teclado\MXTmpFiles\license.tmp
2025-06-27 17:49:31,580 [INFO] CodeEngine:255 - oldGeneratedFile, C:\Users\Santiago\Desktop\facu\2025c1\TPF_TDSE\Pruebas_workspace\Teclado\MXTmpFiles\gpio.tmp_save
2025-06-27 17:49:31,927 [INFO] CodeEngine:279 - Generated code: C:\Users\Santiago\Desktop\facu\2025c1\TPF_TDSE\Pruebas_workspace\Teclado\MXTmpFiles\gpio.tmp
2025-06-27 17:49:32,275 [INFO] CodeEngine:255 - oldGeneratedFile, C:\Users\Santiago\Desktop\facu\2025c1\TPF_TDSE\Pruebas_workspace\Teclado\Core\Src\stm32f1xx_it.c_save
2025-06-27 17:49:32,635 [INFO] CodeEngine:279 - Generated code: C:\Users\Santiago\Desktop\facu\2025c1\TPF_TDSE\Pruebas_workspace\Teclado\Core\Src\stm32f1xx_it.c
2025-06-27 17:49:32,684 [INFO] CodeEngine:255 - oldGeneratedFile, C:\Users\Santiago\Desktop\facu\2025c1\TPF_TDSE\Pruebas_workspace\Teclado\Core\Inc\stm32f1xx_it.h_save
2025-06-27 17:49:32,888 [INFO] CodeEngine:279 - Generated code: C:\Users\Santiago\Desktop\facu\2025c1\TPF_TDSE\Pruebas_workspace\Teclado\Core\Inc\stm32f1xx_it.h
2025-06-27 17:49:32,993 [INFO] CodeEngine:255 - oldGeneratedFile, C:\Users\Santiago\Desktop\facu\2025c1\TPF_TDSE\Pruebas_workspace\Teclado\Core\Src\stm32f1xx_hal_msp.c_save
2025-06-27 17:49:33,348 [INFO] CodeEngine:279 - Generated code: C:\Users\Santiago\Desktop\facu\2025c1\TPF_TDSE\Pruebas_workspace\Teclado\Core\Src\stm32f1xx_hal_msp.c
2025-06-27 17:49:33,370 [INFO] CodeEngine:255 - oldGeneratedFile, C:\Users\Santiago\Desktop\facu\2025c1\TPF_TDSE\Pruebas_workspace\Teclado\MXTmpFiles\system.tmp_save
2025-06-27 17:49:33,544 [INFO] CodeEngine:279 - Generated code: C:\Users\Santiago\Desktop\facu\2025c1\TPF_TDSE\Pruebas_workspace\Teclado\MXTmpFiles\system.tmp
2025-06-27 17:49:33,615 [INFO] CodeEngine:311 - oldGeneratedFile, C:\Users\Santiago\Desktop\facu\2025c1\TPF_TDSE\Pruebas_workspace\Teclado\Core\Inc\stm32f1xx_hal_conf.h_save
2025-06-27 17:49:33,819 [INFO] CodeEngine:335 - Generated code: C:\Users\Santiago\Desktop\facu\2025c1\TPF_TDSE\Pruebas_workspace\Teclado\Core\Inc\stm32f1xx_hal_conf.h
2025-06-27 17:49:33,909 [INFO] ApiDbMcu:508 - Load IP Config File for USART2
2025-06-27 17:49:33,918 [INFO] ApiDbMcu:508 - Load IP Config File for RCC
2025-06-27 17:49:34,012 [INFO] CodeEngine:255 - oldGeneratedFile, C:\Users\Santiago\Desktop\facu\2025c1\TPF_TDSE\Pruebas_workspace\Teclado\Core\Inc\main.h_save
2025-06-27 17:49:34,331 [INFO] CodeEngine:279 - Generated code: C:\Users\Santiago\Desktop\facu\2025c1\TPF_TDSE\Pruebas_workspace\Teclado\Core\Inc\main.h
2025-06-27 17:49:34,398 [INFO] CodeEngine:255 - oldGeneratedFile, C:\Users\Santiago\Desktop\facu\2025c1\TPF_TDSE\Pruebas_workspace\Teclado\Core\Src\main.c_save
2025-06-27 17:49:34,812 [INFO] CodeEngine:279 - Generated code: C:\Users\Santiago\Desktop\facu\2025c1\TPF_TDSE\Pruebas_workspace\Teclado\Core\Src\main.c
2025-06-27 17:49:36,034 [INFO] ProjectBuilder:3289 - Time for Copy HAL[1] : 439mS.
2025-06-27 17:49:36,059 [INFO] ProjectBuilder:4876 - Project Generator version: 4.5.0-RC5
2025-06-27 17:49:36,331 [INFO] ConfigFileManager:1579 - The Die is : DIE410
2025-06-27 17:49:36,389 [INFO] ApiDbMcu:508 - Load IP Config File for FATFS
2025-06-27 17:49:36,429 [INFO] ApiDbMcu:508 - Load IP Config File for FREERTOS
2025-06-27 17:49:36,475 [INFO] ApiDbMcu:508 - Load IP Config File for USB_DEVICE
2025-06-27 17:49:38,686 [INFO] LogOutputStream:77 - [STDOUT_REDIRECT] 
2025-06-27 17:49:44,475 [INFO] ProjectBuilder:5154 - Time for Generating toolchain IDE Files: 8415mS.
2025-06-27 17:49:44,478 [INFO] ProjectBuilder:3146 - Time for Copy CMSIS : 2mS.
2025-06-27 17:49:44,488 [INFO] ProjectBuilder:3146 - Time for Copy CMSIS : 0mS.
